-- Found ament_cmake: 1.3.9 (/opt/ros/humble/share/ament_cmake/cmake)
-- Found ament_lint_auto: 0.12.11 (/opt/ros/humble/share/ament_lint_auto/cmake)
-- Found rosidl_default_generators: 1.2.0 (/opt/ros/humble/share/rosidl_default_generators/cmake)
-- Using all available rosidl_typesupport_c: rosidl_typesupport_fastrtps_c;rosidl_typesupport_introspection_c
-- Found rosidl_adapter: 3.1.5 (/opt/ros/humble/share/rosidl_adapter/cmake)
-- Using all available rosidl_typesupport_cpp: rosidl_typesupport_fastrtps_cpp;rosidl_typesupport_introspection_cpp
-- Found ament_cmake_ros: 0.10.0 (/opt/ros/humble/share/ament_cmake_ros/cmake)
-- Using all available rosidl_typesupport_c: rosidl_typesupport_fastrtps_c;rosidl_typesupport_introspection_c
-- Using all available rosidl_typesupport_cpp: rosidl_typesupport_fastrtps_cpp;rosidl_typesupport_introspection_cpp
-- Found python_cmake_module: 0.10.0 (/opt/ros/humble/share/python_cmake_module/cmake)
-- Using PYTHON_EXECUTABLE: /usr/bin/python3
-- Using PYTHON_INCLUDE_DIRS: /usr/include/python3.10
-- Using PYTHON_LIBRARIES: /usr/lib/x86_64-linux-gnu/libpython3.10.so
-- Added test 'cppcheck' to perform static code analysis on C / C++ code
-- Configured cppcheck include dirs: 
-- Configured cppcheck exclude dirs and/or files: 
-- Added test 'lint_cmake' to check CMake code style
-- Added test 'uncrustify' to check C / C++ code style
-- Configured uncrustify additional arguments: 
-- Added test 'xmllint' to check XML markup files
-- Configuring done
-- Generating done
-- Build files have been written to: /home/hell0/esp32_car2/extra_packages/build/fishbot_interfaces
[  0%] Built target ament_cmake_python_copy_fishbot_interfaces
[35m[1mConsolidate compiler generated dependencies of target fishbot_interfaces__rosidl_generator_c[0m
[  2%] Built target fishbot_interfaces__cpp
[  5%] [32mBuilding C object CMakeFiles/fishbot_interfaces__rosidl_generator_c.dir/rosidl_generator_c/fishbot_interfaces/msg/detail/motorcontorl__functions.c.o[0m
[35m[1mConsolidate compiler generated dependencies of target fishbot_interfaces__rosidl_typesupport_cpp[0m
[35m[1mConsolidate compiler generated dependencies of target fishbot_interfaces__rosidl_typesupport_introspection_cpp[0m
[  7%] [32mBuilding CXX object CMakeFiles/fishbot_interfaces__rosidl_typesupport_cpp.dir/rosidl_typesupport_cpp/fishbot_interfaces/msg/motorcontorl__type_support.cpp.o[0m
[ 10%] [32mBuilding CXX object CMakeFiles/fishbot_interfaces__rosidl_typesupport_introspection_cpp.dir/rosidl_typesupport_introspection_cpp/fishbot_interfaces/msg/detail/motorcontorl__type_support.cpp.o[0m
[ 12%] [32m[1mLinking C shared library libfishbot_interfaces__rosidl_generator_c.so[0m
[ 17%] Built target fishbot_interfaces__rosidl_generator_c
running egg_info
writing fishbot_interfaces.egg-info/PKG-INFO
writing dependency_links to fishbot_interfaces.egg-info/dependency_links.txt
writing top-level names to fishbot_interfaces.egg-info/top_level.txt
reading manifest file 'fishbot_interfaces.egg-info/SOURCES.txt'
writing manifest file 'fishbot_interfaces.egg-info/SOURCES.txt'
[ 20%] [32m[1mLinking CXX shared library libfishbot_interfaces__rosidl_typesupport_introspection_cpp.so[0m
[ 20%] Built target ament_cmake_python_build_fishbot_interfaces_egg
[35m[1mConsolidate compiler generated dependencies of target fishbot_interfaces__rosidl_typesupport_fastrtps_cpp[0m
[ 23%] [32m[1mLinking CXX shared library libfishbot_interfaces__rosidl_typesupport_cpp.so[0m
[35m[1mConsolidate compiler generated dependencies of target fishbot_interfaces__rosidl_typesupport_fastrtps_c[0m
[ 28%] Built target fishbot_interfaces__rosidl_typesupport_introspection_cpp
[ 30%] [32mBuilding CXX object CMakeFiles/fishbot_interfaces__rosidl_typesupport_fastrtps_cpp.dir/rosidl_typesupport_fastrtps_cpp/fishbot_interfaces/msg/detail/dds_fastrtps/motorcontorl__type_support.cpp.o[0m
[ 35%] Built target fishbot_interfaces__rosidl_typesupport_cpp
[35m[1mConsolidate compiler generated dependencies of target fishbot_interfaces__rosidl_typesupport_introspection_c[0m
[ 38%] [32mBuilding CXX object CMakeFiles/fishbot_interfaces__rosidl_typesupport_fastrtps_c.dir/rosidl_typesupport_fastrtps_c/fishbot_interfaces/msg/detail/motorcontorl__type_support_c.cpp.o[0m
[35m[1mConsolidate compiler generated dependencies of target fishbot_interfaces__rosidl_typesupport_c[0m
[ 41%] [32mBuilding CXX object CMakeFiles/fishbot_interfaces__rosidl_typesupport_c.dir/rosidl_typesupport_c/fishbot_interfaces/msg/motorcontorl__type_support.cpp.o[0m
[ 43%] [32mBuilding C object CMakeFiles/fishbot_interfaces__rosidl_typesupport_introspection_c.dir/rosidl_typesupport_introspection_c/fishbot_interfaces/msg/detail/motorcontorl__type_support.c.o[0m
[ 46%] [32m[1mLinking C shared library libfishbot_interfaces__rosidl_typesupport_introspection_c.so[0m
[ 48%] [32m[1mLinking CXX shared library libfishbot_interfaces__rosidl_typesupport_c.so[0m
[ 53%] Built target fishbot_interfaces__rosidl_typesupport_c
[ 58%] Built target fishbot_interfaces__rosidl_typesupport_introspection_c
[ 61%] [32m[1mLinking CXX shared library libfishbot_interfaces__rosidl_typesupport_fastrtps_cpp.so[0m
[ 64%] [32m[1mLinking CXX shared library libfishbot_interfaces__rosidl_typesupport_fastrtps_c.so[0m
[ 69%] Built target fishbot_interfaces__rosidl_typesupport_fastrtps_cpp
[ 74%] Built target fishbot_interfaces__rosidl_typesupport_fastrtps_c
[ 74%] Built target fishbot_interfaces
[ 76%] Built target fishbot_interfaces__py
[35m[1mConsolidate compiler generated dependencies of target fishbot_interfaces__rosidl_generator_py[0m
[ 79%] [32mBuilding C object CMakeFiles/fishbot_interfaces__rosidl_generator_py.dir/rosidl_generator_py/fishbot_interfaces/msg/_motorcontorl_s.c.o[0m
[ 82%] [32m[1mLinking C shared library rosidl_generator_py/fishbot_interfaces/libfishbot_interfaces__rosidl_generator_py.so[0m
[ 84%] Built target fishbot_interfaces__rosidl_generator_py
[35m[1mConsolidate compiler generated dependencies of target fishbot_interfaces__rosidl_typesupport_fastrtps_c__pyext[0m
[35m[1mConsolidate compiler generated dependencies of target fishbot_interfaces__rosidl_typesupport_introspection_c__pyext[0m
[35m[1mConsolidate compiler generated dependencies of target fishbot_interfaces__rosidl_typesupport_c__pyext[0m
[ 87%] [32m[1mLinking C shared library rosidl_generator_py/fishbot_interfaces/fishbot_interfaces_s__rosidl_typesupport_fastrtps_c.cpython-310-x86_64-linux-gnu.so[0m
[ 89%] [32m[1mLinking C shared library rosidl_generator_py/fishbot_interfaces/fishbot_interfaces_s__rosidl_typesupport_c.cpython-310-x86_64-linux-gnu.so[0m
[ 92%] [32m[1mLinking C shared library rosidl_generator_py/fishbot_interfaces/fishbot_interfaces_s__rosidl_typesupport_introspection_c.cpython-310-x86_64-linux-gnu.so[0m
[ 94%] Built target fishbot_interfaces__rosidl_typesupport_c__pyext
[ 97%] Built target fishbot_interfaces__rosidl_typesupport_fastrtps_c__pyext
[100%] Built target fishbot_interfaces__rosidl_typesupport_introspection_c__pyext
-- Install configuration: ""
-- Installing: /home/hell0/esp32_car2/extra_packages/install/fishbot_interfaces/share/ament_index/resource_index/rosidl_interfaces/fishbot_interfaces
-- Up-to-date: /home/hell0/esp32_car2/extra_packages/install/fishbot_interfaces/include/fishbot_interfaces/fishbot_interfaces
-- Up-to-date: /home/hell0/esp32_car2/extra_packages/install/fishbot_interfaces/include/fishbot_interfaces/fishbot_interfaces/msg
-- Up-to-date: /home/hell0/esp32_car2/extra_packages/install/fishbot_interfaces/include/fishbot_interfaces/fishbot_interfaces/msg/rosidl_generator_c__visibility_control.h
-- Installing: /home/hell0/esp32_car2/extra_packages/install/fishbot_interfaces/include/fishbot_interfaces/fishbot_interfaces/msg/motorcontorl.h
-- Up-to-date: /home/hell0/esp32_car2/extra_packages/install/fishbot_interfaces/include/fishbot_interfaces/fishbot_interfaces/msg/detail
-- Installing: /home/hell0/esp32_car2/extra_packages/install/fishbot_interfaces/include/fishbot_interfaces/fishbot_interfaces/msg/detail/motorcontorl__functions.h
-- Installing: /home/hell0/esp32_car2/extra_packages/install/fishbot_interfaces/include/fishbot_interfaces/fishbot_interfaces/msg/detail/motorcontorl__functions.c
-- Installing: /home/hell0/esp32_car2/extra_packages/install/fishbot_interfaces/include/fishbot_interfaces/fishbot_interfaces/msg/detail/motorcontorl__struct.h
-- Installing: /home/hell0/esp32_car2/extra_packages/install/fishbot_interfaces/include/fishbot_interfaces/fishbot_interfaces/msg/detail/motorcontorl__type_support.h
-- Up-to-date: /home/hell0/esp32_car2/extra_packages/install/fishbot_interfaces/include/fishbot_interfaces/fishbot_interfaces/srv
-- Up-to-date: /home/hell0/esp32_car2/extra_packages/install/fishbot_interfaces/include/fishbot_interfaces/fishbot_interfaces/srv/detail
-- Up-to-date: /home/hell0/esp32_car2/extra_packages/install/fishbot_interfaces/include/fishbot_interfaces/fishbot_interfaces/srv/detail/oledcontrol__type_support.h
-- Up-to-date: /home/hell0/esp32_car2/extra_packages/install/fishbot_interfaces/include/fishbot_interfaces/fishbot_interfaces/srv/detail/oledcontrol__struct.h
-- Up-to-date: /home/hell0/esp32_car2/extra_packages/install/fishbot_interfaces/include/fishbot_interfaces/fishbot_interfaces/srv/detail/oledcontrol__functions.h
-- Up-to-date: /home/hell0/esp32_car2/extra_packages/install/fishbot_interfaces/include/fishbot_interfaces/fishbot_interfaces/srv/detail/oledcontrol__functions.c
-- Up-to-date: /home/hell0/esp32_car2/extra_packages/install/fishbot_interfaces/include/fishbot_interfaces/fishbot_interfaces/srv/oledcontrol.h
-- Up-to-date: /home/hell0/esp32_car2/extra_packages/install/fishbot_interfaces/share/fishbot_interfaces/environment/library_path.sh
-- Installing: /home/hell0/esp32_car2/extra_packages/install/fishbot_interfaces/share/fishbot_interfaces/environment/library_path.dsv
-- Installing: /home/hell0/esp32_car2/extra_packages/install/fishbot_interfaces/lib/libfishbot_interfaces__rosidl_generator_c.so
-- Set runtime path of "/home/hell0/esp32_car2/extra_packages/install/fishbot_interfaces/lib/libfishbot_interfaces__rosidl_generator_c.so" to ""
-- Up-to-date: /home/hell0/esp32_car2/extra_packages/install/fishbot_interfaces/include/fishbot_interfaces/fishbot_interfaces
-- Up-to-date: /home/hell0/esp32_car2/extra_packages/install/fishbot_interfaces/include/fishbot_interfaces/fishbot_interfaces/msg
-- Up-to-date: /home/hell0/esp32_car2/extra_packages/install/fishbot_interfaces/include/fishbot_interfaces/fishbot_interfaces/msg/detail
-- Installing: /home/hell0/esp32_car2/extra_packages/install/fishbot_interfaces/include/fishbot_interfaces/fishbot_interfaces/msg/detail/motorcontorl__rosidl_typesupport_fastrtps_c.h
-- Up-to-date: /home/hell0/esp32_car2/extra_packages/install/fishbot_interfaces/include/fishbot_interfaces/fishbot_interfaces/msg/rosidl_typesupport_fastrtps_c__visibility_control.h
-- Up-to-date: /home/hell0/esp32_car2/extra_packages/install/fishbot_interfaces/include/fishbot_interfaces/fishbot_interfaces/srv
-- Up-to-date: /home/hell0/esp32_car2/extra_packages/install/fishbot_interfaces/include/fishbot_interfaces/fishbot_interfaces/srv/detail
-- Up-to-date: /home/hell0/esp32_car2/extra_packages/install/fishbot_interfaces/include/fishbot_interfaces/fishbot_interfaces/srv/detail/oledcontrol__rosidl_typesupport_fastrtps_c.h
-- Installing: /home/hell0/esp32_car2/extra_packages/install/fishbot_interfaces/lib/libfishbot_interfaces__rosidl_typesupport_fastrtps_c.so
-- Set runtime path of "/home/hell0/esp32_car2/extra_packages/install/fishbot_interfaces/lib/libfishbot_interfaces__rosidl_typesupport_fastrtps_c.so" to ""
-- Up-to-date: /home/hell0/esp32_car2/extra_packages/install/fishbot_interfaces/include/fishbot_interfaces/fishbot_interfaces
-- Up-to-date: /home/hell0/esp32_car2/extra_packages/install/fishbot_interfaces/include/fishbot_interfaces/fishbot_interfaces/msg
-- Up-to-date: /home/hell0/esp32_car2/extra_packages/install/fishbot_interfaces/include/fishbot_interfaces/fishbot_interfaces/msg/detail
-- Installing: /home/hell0/esp32_car2/extra_packages/install/fishbot_interfaces/include/fishbot_interfaces/fishbot_interfaces/msg/detail/motorcontorl__rosidl_typesupport_introspection_c.h
-- Installing: /home/hell0/esp32_car2/extra_packages/install/fishbot_interfaces/include/fishbot_interfaces/fishbot_interfaces/msg/detail/motorcontorl__type_support.c
-- Up-to-date: /home/hell0/esp32_car2/extra_packages/install/fishbot_interfaces/include/fishbot_interfaces/fishbot_interfaces/msg/rosidl_typesupport_introspection_c__visibility_control.h
-- Up-to-date: /home/hell0/esp32_car2/extra_packages/install/fishbot_interfaces/include/fishbot_interfaces/fishbot_interfaces/srv
-- Up-to-date: /home/hell0/esp32_car2/extra_packages/install/fishbot_interfaces/include/fishbot_interfaces/fishbot_interfaces/srv/detail
-- Up-to-date: /home/hell0/esp32_car2/extra_packages/install/fishbot_interfaces/include/fishbot_interfaces/fishbot_interfaces/srv/detail/oledcontrol__type_support.c
-- Up-to-date: /home/hell0/esp32_car2/extra_packages/install/fishbot_interfaces/include/fishbot_interfaces/fishbot_interfaces/srv/detail/oledcontrol__rosidl_typesupport_introspection_c.h
-- Installing: /home/hell0/esp32_car2/extra_packages/install/fishbot_interfaces/lib/libfishbot_interfaces__rosidl_typesupport_introspection_c.so
-- Set runtime path of "/home/hell0/esp32_car2/extra_packages/install/fishbot_interfaces/lib/libfishbot_interfaces__rosidl_typesupport_introspection_c.so" to ""
-- Installing: /home/hell0/esp32_car2/extra_packages/install/fishbot_interfaces/lib/libfishbot_interfaces__rosidl_typesupport_c.so
-- Set runtime path of "/home/hell0/esp32_car2/extra_packages/install/fishbot_interfaces/lib/libfishbot_interfaces__rosidl_typesupport_c.so" to ""
-- Up-to-date: /home/hell0/esp32_car2/extra_packages/install/fishbot_interfaces/include/fishbot_interfaces/fishbot_interfaces
-- Up-to-date: /home/hell0/esp32_car2/extra_packages/install/fishbot_interfaces/include/fishbot_interfaces/fishbot_interfaces/msg
-- Installing: /home/hell0/esp32_car2/extra_packages/install/fishbot_interfaces/include/fishbot_interfaces/fishbot_interfaces/msg/motorcontorl.hpp
-- Up-to-date: /home/hell0/esp32_car2/extra_packages/install/fishbot_interfaces/include/fishbot_interfaces/fishbot_interfaces/msg/detail
-- Installing: /home/hell0/esp32_car2/extra_packages/install/fishbot_interfaces/include/fishbot_interfaces/fishbot_interfaces/msg/detail/motorcontorl__builder.hpp
-- Installing: /home/hell0/esp32_car2/extra_packages/install/fishbot_interfaces/include/fishbot_interfaces/fishbot_interfaces/msg/detail/motorcontorl__traits.hpp
-- Installing: /home/hell0/esp32_car2/extra_packages/install/fishbot_interfaces/include/fishbot_interfaces/fishbot_interfaces/msg/detail/motorcontorl__struct.hpp
-- Up-to-date: /home/hell0/esp32_car2/extra_packages/install/fishbot_interfaces/include/fishbot_interfaces/fishbot_interfaces/srv
-- Up-to-date: /home/hell0/esp32_car2/extra_packages/install/fishbot_interfaces/include/fishbot_interfaces/fishbot_interfaces/srv/detail
-- Up-to-date: /home/hell0/esp32_car2/extra_packages/install/fishbot_interfaces/include/fishbot_interfaces/fishbot_interfaces/srv/detail/oledcontrol__struct.hpp
-- Up-to-date: /home/hell0/esp32_car2/extra_packages/install/fishbot_interfaces/include/fishbot_interfaces/fishbot_interfaces/srv/detail/oledcontrol__traits.hpp
-- Up-to-date: /home/hell0/esp32_car2/extra_packages/install/fishbot_interfaces/include/fishbot_interfaces/fishbot_interfaces/srv/detail/oledcontrol__builder.hpp
-- Up-to-date: /home/hell0/esp32_car2/extra_packages/install/fishbot_interfaces/include/fishbot_interfaces/fishbot_interfaces/srv/oledcontrol.hpp
-- Up-to-date: /home/hell0/esp32_car2/extra_packages/install/fishbot_interfaces/include/fishbot_interfaces/fishbot_interfaces
-- Up-to-date: /home/hell0/esp32_car2/extra_packages/install/fishbot_interfaces/include/fishbot_interfaces/fishbot_interfaces/msg
-- Up-to-date: /home/hell0/esp32_car2/extra_packages/install/fishbot_interfaces/include/fishbot_interfaces/fishbot_interfaces/msg/rosidl_typesupport_fastrtps_cpp__visibility_control.h
-- Up-to-date: /home/hell0/esp32_car2/extra_packages/install/fishbot_interfaces/include/fishbot_interfaces/fishbot_interfaces/msg/detail
-- Installing: /home/hell0/esp32_car2/extra_packages/install/fishbot_interfaces/include/fishbot_interfaces/fishbot_interfaces/msg/detail/motorcontorl__rosidl_typesupport_fastrtps_cpp.hpp
-- Up-to-date: /home/hell0/esp32_car2/extra_packages/install/fishbot_interfaces/include/fishbot_interfaces/fishbot_interfaces/msg/detail/dds_fastrtps
-- Up-to-date: /home/hell0/esp32_car2/extra_packages/install/fishbot_interfaces/include/fishbot_interfaces/fishbot_interfaces/srv
-- Up-to-date: /home/hell0/esp32_car2/extra_packages/install/fishbot_interfaces/include/fishbot_interfaces/fishbot_interfaces/srv/detail
-- Up-to-date: /home/hell0/esp32_car2/extra_packages/install/fishbot_interfaces/include/fishbot_interfaces/fishbot_interfaces/srv/detail/dds_fastrtps
-- Up-to-date: /home/hell0/esp32_car2/extra_packages/install/fishbot_interfaces/include/fishbot_interfaces/fishbot_interfaces/srv/detail/oledcontrol__rosidl_typesupport_fastrtps_cpp.hpp
-- Installing: /home/hell0/esp32_car2/extra_packages/install/fishbot_interfaces/lib/libfishbot_interfaces__rosidl_typesupport_fastrtps_cpp.so
-- Set runtime path of "/home/hell0/esp32_car2/extra_packages/install/fishbot_interfaces/lib/libfishbot_interfaces__rosidl_typesupport_fastrtps_cpp.so" to ""
-- Up-to-date: /home/hell0/esp32_car2/extra_packages/install/fishbot_interfaces/include/fishbot_interfaces/fishbot_interfaces
-- Up-to-date: /home/hell0/esp32_car2/extra_packages/install/fishbot_interfaces/include/fishbot_interfaces/fishbot_interfaces/msg
-- Up-to-date: /home/hell0/esp32_car2/extra_packages/install/fishbot_interfaces/include/fishbot_interfaces/fishbot_interfaces/msg/detail
-- Installing: /home/hell0/esp32_car2/extra_packages/install/fishbot_interfaces/include/fishbot_interfaces/fishbot_interfaces/msg/detail/motorcontorl__type_support.cpp
-- Installing: /home/hell0/esp32_car2/extra_packages/install/fishbot_interfaces/include/fishbot_interfaces/fishbot_interfaces/msg/detail/motorcontorl__rosidl_typesupport_introspection_cpp.hpp
-- Up-to-date: /home/hell0/esp32_car2/extra_packages/install/fishbot_interfaces/include/fishbot_interfaces/fishbot_interfaces/srv
-- Up-to-date: /home/hell0/esp32_car2/extra_packages/install/fishbot_interfaces/include/fishbot_interfaces/fishbot_interfaces/srv/detail
-- Up-to-date: /home/hell0/esp32_car2/extra_packages/install/fishbot_interfaces/include/fishbot_interfaces/fishbot_interfaces/srv/detail/oledcontrol__type_support.cpp
-- Up-to-date: /home/hell0/esp32_car2/extra_packages/install/fishbot_interfaces/include/fishbot_interfaces/fishbot_interfaces/srv/detail/oledcontrol__rosidl_typesupport_introspection_cpp.hpp
-- Installing: /home/hell0/esp32_car2/extra_packages/install/fishbot_interfaces/lib/libfishbot_interfaces__rosidl_typesupport_introspection_cpp.so
-- Set runtime path of "/home/hell0/esp32_car2/extra_packages/install/fishbot_interfaces/lib/libfishbot_interfaces__rosidl_typesupport_introspection_cpp.so" to ""
-- Installing: /home/hell0/esp32_car2/extra_packages/install/fishbot_interfaces/lib/libfishbot_interfaces__rosidl_typesupport_cpp.so
-- Set runtime path of "/home/hell0/esp32_car2/extra_packages/install/fishbot_interfaces/lib/libfishbot_interfaces__rosidl_typesupport_cpp.so" to ""
-- Up-to-date: /home/hell0/esp32_car2/extra_packages/install/fishbot_interfaces/share/fishbot_interfaces/environment/pythonpath.sh
-- Installing: /home/hell0/esp32_car2/extra_packages/install/fishbot_interfaces/share/fishbot_interfaces/environment/pythonpath.dsv
-- Up-to-date: /home/hell0/esp32_car2/extra_packages/install/fishbot_interfaces/local/lib/python3.10/dist-packages/fishbot_interfaces-0.0.0-py3.10.egg-info
-- Installing: /home/hell0/esp32_car2/extra_packages/install/fishbot_interfaces/local/lib/python3.10/dist-packages/fishbot_interfaces-0.0.0-py3.10.egg-info/dependency_links.txt
-- Installing: /home/hell0/esp32_car2/extra_packages/install/fishbot_interfaces/local/lib/python3.10/dist-packages/fishbot_interfaces-0.0.0-py3.10.egg-info/PKG-INFO
-- Installing: /home/hell0/esp32_car2/extra_packages/install/fishbot_interfaces/local/lib/python3.10/dist-packages/fishbot_interfaces-0.0.0-py3.10.egg-info/SOURCES.txt
-- Installing: /home/hell0/esp32_car2/extra_packages/install/fishbot_interfaces/local/lib/python3.10/dist-packages/fishbot_interfaces-0.0.0-py3.10.egg-info/top_level.txt
-- Up-to-date: /home/hell0/esp32_car2/extra_packages/install/fishbot_interfaces/local/lib/python3.10/dist-packages/fishbot_interfaces
-- Installing: /home/hell0/esp32_car2/extra_packages/install/fishbot_interfaces/local/lib/python3.10/dist-packages/fishbot_interfaces/fishbot_interfaces_s__rosidl_typesupport_fastrtps_c.cpython-310-x86_64-linux-gnu.so
-- Up-to-date: /home/hell0/esp32_car2/extra_packages/install/fishbot_interfaces/local/lib/python3.10/dist-packages/fishbot_interfaces/msg
-- Installing: /home/hell0/esp32_car2/extra_packages/install/fishbot_interfaces/local/lib/python3.10/dist-packages/fishbot_interfaces/msg/__init__.py
-- Installing: /home/hell0/esp32_car2/extra_packages/install/fishbot_interfaces/local/lib/python3.10/dist-packages/fishbot_interfaces/msg/_motorcontorl.py
-- Installing: /home/hell0/esp32_car2/extra_packages/install/fishbot_interfaces/local/lib/python3.10/dist-packages/fishbot_interfaces/msg/_motorcontorl_s.c
-- Installing: /home/hell0/esp32_car2/extra_packages/install/fishbot_interfaces/local/lib/python3.10/dist-packages/fishbot_interfaces/__init__.py
-- Up-to-date: /home/hell0/esp32_car2/extra_packages/install/fishbot_interfaces/local/lib/python3.10/dist-packages/fishbot_interfaces/srv
-- Up-to-date: /home/hell0/esp32_car2/extra_packages/install/fishbot_interfaces/local/lib/python3.10/dist-packages/fishbot_interfaces/srv/_oledcontrol.py
-- Up-to-date: /home/hell0/esp32_car2/extra_packages/install/fishbot_interfaces/local/lib/python3.10/dist-packages/fishbot_interfaces/srv/__init__.py
-- Up-to-date: /home/hell0/esp32_car2/extra_packages/install/fishbot_interfaces/local/lib/python3.10/dist-packages/fishbot_interfaces/srv/_oledcontrol_s.c
-- Up-to-date: /home/hell0/esp32_car2/extra_packages/install/fishbot_interfaces/local/lib/python3.10/dist-packages/fishbot_interfaces/_fishbot_interfaces_s.ep.rosidl_typesupport_fastrtps_c.c
-- Up-to-date: /home/hell0/esp32_car2/extra_packages/install/fishbot_interfaces/local/lib/python3.10/dist-packages/fishbot_interfaces/_fishbot_interfaces_s.ep.rosidl_typesupport_c.c
-- Installing: /home/hell0/esp32_car2/extra_packages/install/fishbot_interfaces/local/lib/python3.10/dist-packages/fishbot_interfaces/libfishbot_interfaces__rosidl_generator_py.so
-- Installing: /home/hell0/esp32_car2/extra_packages/install/fishbot_interfaces/local/lib/python3.10/dist-packages/fishbot_interfaces/fishbot_interfaces_s__rosidl_typesupport_introspection_c.cpython-310-x86_64-linux-gnu.so
-- Up-to-date: /home/hell0/esp32_car2/extra_packages/install/fishbot_interfaces/local/lib/python3.10/dist-packages/fishbot_interfaces/_fishbot_interfaces_s.ep.rosidl_typesupport_introspection_c.c
-- Installing: /home/hell0/esp32_car2/extra_packages/install/fishbot_interfaces/local/lib/python3.10/dist-packages/fishbot_interfaces/fishbot_interfaces_s__rosidl_typesupport_c.cpython-310-x86_64-linux-gnu.so
Listing '/home/hell0/esp32_car2/extra_packages/install/fishbot_interfaces/local/lib/python3.10/dist-packages/fishbot_interfaces'...
Compiling '/home/hell0/esp32_car2/extra_packages/install/fishbot_interfaces/local/lib/python3.10/dist-packages/fishbot_interfaces/__init__.py'...
Listing '/home/hell0/esp32_car2/extra_packages/install/fishbot_interfaces/local/lib/python3.10/dist-packages/fishbot_interfaces/msg'...
Compiling '/home/hell0/esp32_car2/extra_packages/install/fishbot_interfaces/local/lib/python3.10/dist-packages/fishbot_interfaces/msg/__init__.py'...
Compiling '/home/hell0/esp32_car2/extra_packages/install/fishbot_interfaces/local/lib/python3.10/dist-packages/fishbot_interfaces/msg/_motorcontorl.py'...
Listing '/home/hell0/esp32_car2/extra_packages/install/fishbot_interfaces/local/lib/python3.10/dist-packages/fishbot_interfaces/srv'...
-- Installing: /home/hell0/esp32_car2/extra_packages/install/fishbot_interfaces/local/lib/python3.10/dist-packages/fishbot_interfaces/fishbot_interfaces_s__rosidl_typesupport_fastrtps_c.cpython-310-x86_64-linux-gnu.so
-- Set runtime path of "/home/hell0/esp32_car2/extra_packages/install/fishbot_interfaces/local/lib/python3.10/dist-packages/fishbot_interfaces/fishbot_interfaces_s__rosidl_typesupport_fastrtps_c.cpython-310-x86_64-linux-gnu.so" to ""
-- Installing: /home/hell0/esp32_car2/extra_packages/install/fishbot_interfaces/local/lib/python3.10/dist-packages/fishbot_interfaces/fishbot_interfaces_s__rosidl_typesupport_introspection_c.cpython-310-x86_64-linux-gnu.so
-- Set runtime path of "/home/hell0/esp32_car2/extra_packages/install/fishbot_interfaces/local/lib/python3.10/dist-packages/fishbot_interfaces/fishbot_interfaces_s__rosidl_typesupport_introspection_c.cpython-310-x86_64-linux-gnu.so" to ""
-- Installing: /home/hell0/esp32_car2/extra_packages/install/fishbot_interfaces/local/lib/python3.10/dist-packages/fishbot_interfaces/fishbot_interfaces_s__rosidl_typesupport_c.cpython-310-x86_64-linux-gnu.so
-- Set runtime path of "/home/hell0/esp32_car2/extra_packages/install/fishbot_interfaces/local/lib/python3.10/dist-packages/fishbot_interfaces/fishbot_interfaces_s__rosidl_typesupport_c.cpython-310-x86_64-linux-gnu.so" to ""
-- Installing: /home/hell0/esp32_car2/extra_packages/install/fishbot_interfaces/lib/libfishbot_interfaces__rosidl_generator_py.so
-- Set runtime path of "/home/hell0/esp32_car2/extra_packages/install/fishbot_interfaces/lib/libfishbot_interfaces__rosidl_generator_py.so" to ""
-- Up-to-date: /home/hell0/esp32_car2/extra_packages/install/fishbot_interfaces/share/fishbot_interfaces/srv/Oledcontrol.idl
-- Up-to-date: /home/hell0/esp32_car2/extra_packages/install/fishbot_interfaces/share/fishbot_interfaces/msg/Motorcontorl.idl
-- Up-to-date: /home/hell0/esp32_car2/extra_packages/install/fishbot_interfaces/share/fishbot_interfaces/srv/Oledcontrol.srv
-- Up-to-date: /home/hell0/esp32_car2/extra_packages/install/fishbot_interfaces/share/fishbot_interfaces/srv/Oledcontrol_Request.msg
-- Up-to-date: /home/hell0/esp32_car2/extra_packages/install/fishbot_interfaces/share/fishbot_interfaces/srv/Oledcontrol_Response.msg
-- Up-to-date: /home/hell0/esp32_car2/extra_packages/install/fishbot_interfaces/share/fishbot_interfaces/msg/Motorcontorl.msg
-- Up-to-date: /home/hell0/esp32_car2/extra_packages/install/fishbot_interfaces/share/ament_index/resource_index/package_run_dependencies/fishbot_interfaces
-- Up-to-date: /home/hell0/esp32_car2/extra_packages/install/fishbot_interfaces/share/ament_index/resource_index/parent_prefix_path/fishbot_interfaces
-- Up-to-date: /home/hell0/esp32_car2/extra_packages/install/fishbot_interfaces/share/fishbot_interfaces/environment/ament_prefix_path.sh
-- Installing: /home/hell0/esp32_car2/extra_packages/install/fishbot_interfaces/share/fishbot_interfaces/environment/ament_prefix_path.dsv
-- Up-to-date: /home/hell0/esp32_car2/extra_packages/install/fishbot_interfaces/share/fishbot_interfaces/environment/path.sh
-- Installing: /home/hell0/esp32_car2/extra_packages/install/fishbot_interfaces/share/fishbot_interfaces/environment/path.dsv
-- Up-to-date: /home/hell0/esp32_car2/extra_packages/install/fishbot_interfaces/share/fishbot_interfaces/local_setup.bash
-- Up-to-date: /home/hell0/esp32_car2/extra_packages/install/fishbot_interfaces/share/fishbot_interfaces/local_setup.sh
-- Up-to-date: /home/hell0/esp32_car2/extra_packages/install/fishbot_interfaces/share/fishbot_interfaces/local_setup.zsh
-- Installing: /home/hell0/esp32_car2/extra_packages/install/fishbot_interfaces/share/fishbot_interfaces/local_setup.dsv
-- Installing: /home/hell0/esp32_car2/extra_packages/install/fishbot_interfaces/share/fishbot_interfaces/package.dsv
-- Up-to-date: /home/hell0/esp32_car2/extra_packages/install/fishbot_interfaces/share/ament_index/resource_index/packages/fishbot_interfaces
-- Up-to-date: /home/hell0/esp32_car2/extra_packages/install/fishbot_interfaces/share/fishbot_interfaces/cmake/export_fishbot_interfaces__rosidl_generator_cExport.cmake
-- Up-to-date: /home/hell0/esp32_car2/extra_packages/install/fishbot_interfaces/share/fishbot_interfaces/cmake/export_fishbot_interfaces__rosidl_generator_cExport-noconfig.cmake
-- Up-to-date: /home/hell0/esp32_car2/extra_packages/install/fishbot_interfaces/share/fishbot_interfaces/cmake/export_fishbot_interfaces__rosidl_typesupport_fastrtps_cExport.cmake
-- Up-to-date: /home/hell0/esp32_car2/extra_packages/install/fishbot_interfaces/share/fishbot_interfaces/cmake/export_fishbot_interfaces__rosidl_typesupport_fastrtps_cExport-noconfig.cmake
-- Up-to-date: /home/hell0/esp32_car2/extra_packages/install/fishbot_interfaces/share/fishbot_interfaces/cmake/fishbot_interfaces__rosidl_typesupport_introspection_cExport.cmake
-- Up-to-date: /home/hell0/esp32_car2/extra_packages/install/fishbot_interfaces/share/fishbot_interfaces/cmake/fishbot_interfaces__rosidl_typesupport_introspection_cExport-noconfig.cmake
-- Up-to-date: /home/hell0/esp32_car2/extra_packages/install/fishbot_interfaces/share/fishbot_interfaces/cmake/fishbot_interfaces__rosidl_typesupport_cExport.cmake
-- Up-to-date: /home/hell0/esp32_car2/extra_packages/install/fishbot_interfaces/share/fishbot_interfaces/cmake/fishbot_interfaces__rosidl_typesupport_cExport-noconfig.cmake
-- Up-to-date: /home/hell0/esp32_car2/extra_packages/install/fishbot_interfaces/share/fishbot_interfaces/cmake/export_fishbot_interfaces__rosidl_generator_cppExport.cmake
-- Up-to-date: /home/hell0/esp32_car2/extra_packages/install/fishbot_interfaces/share/fishbot_interfaces/cmake/export_fishbot_interfaces__rosidl_typesupport_fastrtps_cppExport.cmake
-- Up-to-date: /home/hell0/esp32_car2/extra_packages/install/fishbot_interfaces/share/fishbot_interfaces/cmake/export_fishbot_interfaces__rosidl_typesupport_fastrtps_cppExport-noconfig.cmake
-- Up-to-date: /home/hell0/esp32_car2/extra_packages/install/fishbot_interfaces/share/fishbot_interfaces/cmake/fishbot_interfaces__rosidl_typesupport_introspection_cppExport.cmake
-- Up-to-date: /home/hell0/esp32_car2/extra_packages/install/fishbot_interfaces/share/fishbot_interfaces/cmake/fishbot_interfaces__rosidl_typesupport_introspection_cppExport-noconfig.cmake
-- Up-to-date: /home/hell0/esp32_car2/extra_packages/install/fishbot_interfaces/share/fishbot_interfaces/cmake/fishbot_interfaces__rosidl_typesupport_cppExport.cmake
-- Up-to-date: /home/hell0/esp32_car2/extra_packages/install/fishbot_interfaces/share/fishbot_interfaces/cmake/fishbot_interfaces__rosidl_typesupport_cppExport-noconfig.cmake
-- Up-to-date: /home/hell0/esp32_car2/extra_packages/install/fishbot_interfaces/share/fishbot_interfaces/cmake/export_fishbot_interfaces__rosidl_generator_pyExport.cmake
-- Up-to-date: /home/hell0/esp32_car2/extra_packages/install/fishbot_interfaces/share/fishbot_interfaces/cmake/export_fishbot_interfaces__rosidl_generator_pyExport-noconfig.cmake
-- Installing: /home/hell0/esp32_car2/extra_packages/install/fishbot_interfaces/share/fishbot_interfaces/cmake/rosidl_cmake-extras.cmake
-- Up-to-date: /home/hell0/esp32_car2/extra_packages/install/fishbot_interfaces/share/fishbot_interfaces/cmake/ament_cmake_export_include_directories-extras.cmake
-- Up-to-date: /home/hell0/esp32_car2/extra_packages/install/fishbot_interfaces/share/fishbot_interfaces/cmake/ament_cmake_export_libraries-extras.cmake
-- Up-to-date: /home/hell0/esp32_car2/extra_packages/install/fishbot_interfaces/share/fishbot_interfaces/cmake/ament_cmake_export_targets-extras.cmake
-- Up-to-date: /home/hell0/esp32_car2/extra_packages/install/fishbot_interfaces/share/fishbot_interfaces/cmake/rosidl_cmake_export_typesupport_targets-extras.cmake
-- Up-to-date: /home/hell0/esp32_car2/extra_packages/install/fishbot_interfaces/share/fishbot_interfaces/cmake/ament_cmake_export_dependencies-extras.cmake
-- Up-to-date: /home/hell0/esp32_car2/extra_packages/install/fishbot_interfaces/share/fishbot_interfaces/cmake/rosidl_cmake_export_typesupport_libraries-extras.cmake
-- Up-to-date: /home/hell0/esp32_car2/extra_packages/install/fishbot_interfaces/share/fishbot_interfaces/cmake/fishbot_interfacesConfig.cmake
-- Up-to-date: /home/hell0/esp32_car2/extra_packages/install/fishbot_interfaces/share/fishbot_interfaces/cmake/fishbot_interfacesConfig-version.cmake
-- Up-to-date: /home/hell0/esp32_car2/extra_packages/install/fishbot_interfaces/share/fishbot_interfaces/package.xml
