[0.013s] Invoking command in '/home/hell0/esp32_car2/extra_packages/build/fishbot_interfaces': CMAKE_PREFIX_PATH=/opt/ros/humble /usr/bin/cmake --build /home/hell0/esp32_car2/extra_packages/build/fishbot_interfaces -- -j4 -l4
[0.040s] -- Found ament_cmake: 1.3.9 (/opt/ros/humble/share/ament_cmake/cmake)
[0.137s] -- Found ament_lint_auto: 0.12.11 (/opt/ros/humble/share/ament_lint_auto/cmake)
[0.184s] -- Found rosidl_default_generators: 1.2.0 (/opt/ros/humble/share/rosidl_default_generators/cmake)
[0.186s] -- Using all available rosidl_typesupport_c: rosidl_typesupport_fastrtps_c;rosidl_typesupport_introspection_c
[0.189s] -- Found rosidl_adapter: 3.1.5 (/opt/ros/humble/share/rosidl_adapter/cmake)
[0.225s] -- Using all available rosidl_typesupport_cpp: rosidl_typesupport_fastrtps_cpp;rosidl_typesupport_introspection_cpp
[0.375s] -- Found ament_cmake_ros: 0.10.0 (/opt/ros/humble/share/ament_cmake_ros/cmake)
[0.509s] -- Using all available rosidl_typesupport_c: rosidl_typesupport_fastrtps_c;rosidl_typesupport_introspection_c
[0.677s] -- Using all available rosidl_typesupport_cpp: rosidl_typesupport_fastrtps_cpp;rosidl_typesupport_introspection_cpp
[0.691s] -- Found python_cmake_module: 0.10.0 (/opt/ros/humble/share/python_cmake_module/cmake)
[0.707s] -- Using PYTHON_EXECUTABLE: /usr/bin/python3
[0.707s] -- Using PYTHON_INCLUDE_DIRS: /usr/include/python3.10
[0.707s] -- Using PYTHON_LIBRARIES: /usr/lib/x86_64-linux-gnu/libpython3.10.so
[0.717s] -- Added test 'cppcheck' to perform static code analysis on C / C++ code
[0.718s] -- Configured cppcheck include dirs: 
[0.718s] -- Configured cppcheck exclude dirs and/or files: 
[0.718s] -- Added test 'lint_cmake' to check CMake code style
[0.719s] -- Added test 'uncrustify' to check C / C++ code style
[0.719s] -- Configured uncrustify additional arguments: 
[0.720s] -- Added test 'xmllint' to check XML markup files
[0.724s] -- Configuring done
[0.758s] -- Generating done
[0.761s] -- Build files have been written to: /home/hell0/esp32_car2/extra_packages/build/fishbot_interfaces
[0.803s] [  0%] Built target ament_cmake_python_copy_fishbot_interfaces
[0.803s] [35m[1mConsolidate compiler generated dependencies of target fishbot_interfaces__rosidl_generator_c[0m
[0.807s] [  2%] Built target fishbot_interfaces__cpp
[0.819s] [  5%] [32mBuilding C object CMakeFiles/fishbot_interfaces__rosidl_generator_c.dir/rosidl_generator_c/fishbot_interfaces/msg/detail/motorcontorl__functions.c.o[0m
[0.819s] [35m[1mConsolidate compiler generated dependencies of target fishbot_interfaces__rosidl_typesupport_cpp[0m
[0.827s] [35m[1mConsolidate compiler generated dependencies of target fishbot_interfaces__rosidl_typesupport_introspection_cpp[0m
[0.846s] [  7%] [32mBuilding CXX object CMakeFiles/fishbot_interfaces__rosidl_typesupport_cpp.dir/rosidl_typesupport_cpp/fishbot_interfaces/msg/motorcontorl__type_support.cpp.o[0m
[0.858s] [ 10%] [32mBuilding CXX object CMakeFiles/fishbot_interfaces__rosidl_typesupport_introspection_cpp.dir/rosidl_typesupport_introspection_cpp/fishbot_interfaces/msg/detail/motorcontorl__type_support.cpp.o[0m
[0.899s] [ 12%] [32m[1mLinking C shared library libfishbot_interfaces__rosidl_generator_c.so[0m
[1.049s] [ 17%] Built target fishbot_interfaces__rosidl_generator_c
[1.080s] running egg_info
[1.081s] writing fishbot_interfaces.egg-info/PKG-INFO
[1.081s] writing dependency_links to fishbot_interfaces.egg-info/dependency_links.txt
[1.081s] writing top-level names to fishbot_interfaces.egg-info/top_level.txt
[1.083s] reading manifest file 'fishbot_interfaces.egg-info/SOURCES.txt'
[1.083s] writing manifest file 'fishbot_interfaces.egg-info/SOURCES.txt'
[1.104s] [ 20%] [32m[1mLinking CXX shared library libfishbot_interfaces__rosidl_typesupport_introspection_cpp.so[0m
[1.143s] [ 20%] Built target ament_cmake_python_build_fishbot_interfaces_egg
[1.171s] [35m[1mConsolidate compiler generated dependencies of target fishbot_interfaces__rosidl_typesupport_fastrtps_cpp[0m
[1.181s] [ 23%] [32m[1mLinking CXX shared library libfishbot_interfaces__rosidl_typesupport_cpp.so[0m
[1.188s] [35m[1mConsolidate compiler generated dependencies of target fishbot_interfaces__rosidl_typesupport_fastrtps_c[0m
[1.190s] [ 28%] Built target fishbot_interfaces__rosidl_typesupport_introspection_cpp
[1.193s] [ 30%] [32mBuilding CXX object CMakeFiles/fishbot_interfaces__rosidl_typesupport_fastrtps_cpp.dir/rosidl_typesupport_fastrtps_cpp/fishbot_interfaces/msg/detail/dds_fastrtps/motorcontorl__type_support.cpp.o[0m
[1.223s] [ 35%] Built target fishbot_interfaces__rosidl_typesupport_cpp
[1.230s] [35m[1mConsolidate compiler generated dependencies of target fishbot_interfaces__rosidl_typesupport_introspection_c[0m
[1.231s] [ 38%] [32mBuilding CXX object CMakeFiles/fishbot_interfaces__rosidl_typesupport_fastrtps_c.dir/rosidl_typesupport_fastrtps_c/fishbot_interfaces/msg/detail/motorcontorl__type_support_c.cpp.o[0m
[1.242s] [35m[1mConsolidate compiler generated dependencies of target fishbot_interfaces__rosidl_typesupport_c[0m
[1.250s] [ 41%] [32mBuilding CXX object CMakeFiles/fishbot_interfaces__rosidl_typesupport_c.dir/rosidl_typesupport_c/fishbot_interfaces/msg/motorcontorl__type_support.cpp.o[0m
[1.261s] [ 43%] [32mBuilding C object CMakeFiles/fishbot_interfaces__rosidl_typesupport_introspection_c.dir/rosidl_typesupport_introspection_c/fishbot_interfaces/msg/detail/motorcontorl__type_support.c.o[0m
[1.292s] [ 46%] [32m[1mLinking C shared library libfishbot_interfaces__rosidl_typesupport_introspection_c.so[0m
[1.297s] [ 48%] [32m[1mLinking CXX shared library libfishbot_interfaces__rosidl_typesupport_c.so[0m
[1.324s] [ 53%] Built target fishbot_interfaces__rosidl_typesupport_c
[1.361s] [ 58%] Built target fishbot_interfaces__rosidl_typesupport_introspection_c
[1.436s] [ 61%] [32m[1mLinking CXX shared library libfishbot_interfaces__rosidl_typesupport_fastrtps_cpp.so[0m
[1.490s] [ 64%] [32m[1mLinking CXX shared library libfishbot_interfaces__rosidl_typesupport_fastrtps_c.so[0m
[1.547s] [ 69%] Built target fishbot_interfaces__rosidl_typesupport_fastrtps_cpp
[1.549s] [ 74%] Built target fishbot_interfaces__rosidl_typesupport_fastrtps_c
[1.567s] [ 74%] Built target fishbot_interfaces
[1.593s] [ 76%] Built target fishbot_interfaces__py
[1.601s] [35m[1mConsolidate compiler generated dependencies of target fishbot_interfaces__rosidl_generator_py[0m
[1.623s] [ 79%] [32mBuilding C object CMakeFiles/fishbot_interfaces__rosidl_generator_py.dir/rosidl_generator_py/fishbot_interfaces/msg/_motorcontorl_s.c.o[0m
[1.706s] [ 82%] [32m[1mLinking C shared library rosidl_generator_py/fishbot_interfaces/libfishbot_interfaces__rosidl_generator_py.so[0m
[1.736s] [ 84%] Built target fishbot_interfaces__rosidl_generator_py
[1.743s] [35m[1mConsolidate compiler generated dependencies of target fishbot_interfaces__rosidl_typesupport_fastrtps_c__pyext[0m
[1.746s] [35m[1mConsolidate compiler generated dependencies of target fishbot_interfaces__rosidl_typesupport_introspection_c__pyext[0m
[1.748s] [35m[1mConsolidate compiler generated dependencies of target fishbot_interfaces__rosidl_typesupport_c__pyext[0m
[1.760s] [ 87%] [32m[1mLinking C shared library rosidl_generator_py/fishbot_interfaces/fishbot_interfaces_s__rosidl_typesupport_fastrtps_c.cpython-310-x86_64-linux-gnu.so[0m
[1.762s] [ 89%] [32m[1mLinking C shared library rosidl_generator_py/fishbot_interfaces/fishbot_interfaces_s__rosidl_typesupport_c.cpython-310-x86_64-linux-gnu.so[0m
[1.775s] [ 92%] [32m[1mLinking C shared library rosidl_generator_py/fishbot_interfaces/fishbot_interfaces_s__rosidl_typesupport_introspection_c.cpython-310-x86_64-linux-gnu.so[0m
[1.786s] [ 94%] Built target fishbot_interfaces__rosidl_typesupport_c__pyext
[1.796s] [ 97%] Built target fishbot_interfaces__rosidl_typesupport_fastrtps_c__pyext
[1.810s] [100%] Built target fishbot_interfaces__rosidl_typesupport_introspection_c__pyext
[1.823s] Invoked command in '/home/hell0/esp32_car2/extra_packages/build/fishbot_interfaces' returned '0': CMAKE_PREFIX_PATH=/opt/ros/humble /usr/bin/cmake --build /home/hell0/esp32_car2/extra_packages/build/fishbot_interfaces -- -j4 -l4
[1.884s] Invoking command in '/home/hell0/esp32_car2/extra_packages/build/fishbot_interfaces': CMAKE_PREFIX_PATH=/opt/ros/humble /usr/bin/cmake --install /home/hell0/esp32_car2/extra_packages/build/fishbot_interfaces
[1.890s] -- Install configuration: ""
[1.890s] -- Installing: /home/hell0/esp32_car2/extra_packages/install/fishbot_interfaces/share/ament_index/resource_index/rosidl_interfaces/fishbot_interfaces
[1.890s] -- Up-to-date: /home/hell0/esp32_car2/extra_packages/install/fishbot_interfaces/include/fishbot_interfaces/fishbot_interfaces
[1.890s] -- Up-to-date: /home/hell0/esp32_car2/extra_packages/install/fishbot_interfaces/include/fishbot_interfaces/fishbot_interfaces/msg
[1.890s] -- Up-to-date: /home/hell0/esp32_car2/extra_packages/install/fishbot_interfaces/include/fishbot_interfaces/fishbot_interfaces/msg/rosidl_generator_c__visibility_control.h
[1.890s] -- Installing: /home/hell0/esp32_car2/extra_packages/install/fishbot_interfaces/include/fishbot_interfaces/fishbot_interfaces/msg/motorcontorl.h
[1.890s] -- Up-to-date: /home/hell0/esp32_car2/extra_packages/install/fishbot_interfaces/include/fishbot_interfaces/fishbot_interfaces/msg/detail
[1.891s] -- Installing: /home/hell0/esp32_car2/extra_packages/install/fishbot_interfaces/include/fishbot_interfaces/fishbot_interfaces/msg/detail/motorcontorl__functions.h
[1.891s] -- Installing: /home/hell0/esp32_car2/extra_packages/install/fishbot_interfaces/include/fishbot_interfaces/fishbot_interfaces/msg/detail/motorcontorl__functions.c
[1.891s] -- Installing: /home/hell0/esp32_car2/extra_packages/install/fishbot_interfaces/include/fishbot_interfaces/fishbot_interfaces/msg/detail/motorcontorl__struct.h
[1.891s] -- Installing: /home/hell0/esp32_car2/extra_packages/install/fishbot_interfaces/include/fishbot_interfaces/fishbot_interfaces/msg/detail/motorcontorl__type_support.h
[1.891s] -- Up-to-date: /home/hell0/esp32_car2/extra_packages/install/fishbot_interfaces/include/fishbot_interfaces/fishbot_interfaces/srv
[1.891s] -- Up-to-date: /home/hell0/esp32_car2/extra_packages/install/fishbot_interfaces/include/fishbot_interfaces/fishbot_interfaces/srv/detail
[1.891s] -- Up-to-date: /home/hell0/esp32_car2/extra_packages/install/fishbot_interfaces/include/fishbot_interfaces/fishbot_interfaces/srv/detail/oledcontrol__type_support.h
[1.891s] -- Up-to-date: /home/hell0/esp32_car2/extra_packages/install/fishbot_interfaces/include/fishbot_interfaces/fishbot_interfaces/srv/detail/oledcontrol__struct.h
[1.891s] -- Up-to-date: /home/hell0/esp32_car2/extra_packages/install/fishbot_interfaces/include/fishbot_interfaces/fishbot_interfaces/srv/detail/oledcontrol__functions.h
[1.891s] -- Up-to-date: /home/hell0/esp32_car2/extra_packages/install/fishbot_interfaces/include/fishbot_interfaces/fishbot_interfaces/srv/detail/oledcontrol__functions.c
[1.895s] -- Up-to-date: /home/hell0/esp32_car2/extra_packages/install/fishbot_interfaces/include/fishbot_interfaces/fishbot_interfaces/srv/oledcontrol.h
[1.895s] -- Up-to-date: /home/hell0/esp32_car2/extra_packages/install/fishbot_interfaces/share/fishbot_interfaces/environment/library_path.sh
[1.895s] -- Installing: /home/hell0/esp32_car2/extra_packages/install/fishbot_interfaces/share/fishbot_interfaces/environment/library_path.dsv
[1.895s] -- Installing: /home/hell0/esp32_car2/extra_packages/install/fishbot_interfaces/lib/libfishbot_interfaces__rosidl_generator_c.so
[1.896s] -- Set runtime path of "/home/hell0/esp32_car2/extra_packages/install/fishbot_interfaces/lib/libfishbot_interfaces__rosidl_generator_c.so" to ""
[1.896s] -- Up-to-date: /home/hell0/esp32_car2/extra_packages/install/fishbot_interfaces/include/fishbot_interfaces/fishbot_interfaces
[1.896s] -- Up-to-date: /home/hell0/esp32_car2/extra_packages/install/fishbot_interfaces/include/fishbot_interfaces/fishbot_interfaces/msg
[1.896s] -- Up-to-date: /home/hell0/esp32_car2/extra_packages/install/fishbot_interfaces/include/fishbot_interfaces/fishbot_interfaces/msg/detail
[1.896s] -- Installing: /home/hell0/esp32_car2/extra_packages/install/fishbot_interfaces/include/fishbot_interfaces/fishbot_interfaces/msg/detail/motorcontorl__rosidl_typesupport_fastrtps_c.h
[1.896s] -- Up-to-date: /home/hell0/esp32_car2/extra_packages/install/fishbot_interfaces/include/fishbot_interfaces/fishbot_interfaces/msg/rosidl_typesupport_fastrtps_c__visibility_control.h
[1.896s] -- Up-to-date: /home/hell0/esp32_car2/extra_packages/install/fishbot_interfaces/include/fishbot_interfaces/fishbot_interfaces/srv
[1.896s] -- Up-to-date: /home/hell0/esp32_car2/extra_packages/install/fishbot_interfaces/include/fishbot_interfaces/fishbot_interfaces/srv/detail
[1.896s] -- Up-to-date: /home/hell0/esp32_car2/extra_packages/install/fishbot_interfaces/include/fishbot_interfaces/fishbot_interfaces/srv/detail/oledcontrol__rosidl_typesupport_fastrtps_c.h
[1.896s] -- Installing: /home/hell0/esp32_car2/extra_packages/install/fishbot_interfaces/lib/libfishbot_interfaces__rosidl_typesupport_fastrtps_c.so
[1.896s] -- Set runtime path of "/home/hell0/esp32_car2/extra_packages/install/fishbot_interfaces/lib/libfishbot_interfaces__rosidl_typesupport_fastrtps_c.so" to ""
[1.896s] -- Up-to-date: /home/hell0/esp32_car2/extra_packages/install/fishbot_interfaces/include/fishbot_interfaces/fishbot_interfaces
[1.896s] -- Up-to-date: /home/hell0/esp32_car2/extra_packages/install/fishbot_interfaces/include/fishbot_interfaces/fishbot_interfaces/msg
[1.896s] -- Up-to-date: /home/hell0/esp32_car2/extra_packages/install/fishbot_interfaces/include/fishbot_interfaces/fishbot_interfaces/msg/detail
[1.896s] -- Installing: /home/hell0/esp32_car2/extra_packages/install/fishbot_interfaces/include/fishbot_interfaces/fishbot_interfaces/msg/detail/motorcontorl__rosidl_typesupport_introspection_c.h
[1.896s] -- Installing: /home/hell0/esp32_car2/extra_packages/install/fishbot_interfaces/include/fishbot_interfaces/fishbot_interfaces/msg/detail/motorcontorl__type_support.c
[1.896s] -- Up-to-date: /home/hell0/esp32_car2/extra_packages/install/fishbot_interfaces/include/fishbot_interfaces/fishbot_interfaces/msg/rosidl_typesupport_introspection_c__visibility_control.h
[1.896s] -- Up-to-date: /home/hell0/esp32_car2/extra_packages/install/fishbot_interfaces/include/fishbot_interfaces/fishbot_interfaces/srv
[1.896s] -- Up-to-date: /home/hell0/esp32_car2/extra_packages/install/fishbot_interfaces/include/fishbot_interfaces/fishbot_interfaces/srv/detail
[1.896s] -- Up-to-date: /home/hell0/esp32_car2/extra_packages/install/fishbot_interfaces/include/fishbot_interfaces/fishbot_interfaces/srv/detail/oledcontrol__type_support.c
[1.896s] -- Up-to-date: /home/hell0/esp32_car2/extra_packages/install/fishbot_interfaces/include/fishbot_interfaces/fishbot_interfaces/srv/detail/oledcontrol__rosidl_typesupport_introspection_c.h
[1.896s] -- Installing: /home/hell0/esp32_car2/extra_packages/install/fishbot_interfaces/lib/libfishbot_interfaces__rosidl_typesupport_introspection_c.so
[1.896s] -- Set runtime path of "/home/hell0/esp32_car2/extra_packages/install/fishbot_interfaces/lib/libfishbot_interfaces__rosidl_typesupport_introspection_c.so" to ""
[1.896s] -- Installing: /home/hell0/esp32_car2/extra_packages/install/fishbot_interfaces/lib/libfishbot_interfaces__rosidl_typesupport_c.so
[1.896s] -- Set runtime path of "/home/hell0/esp32_car2/extra_packages/install/fishbot_interfaces/lib/libfishbot_interfaces__rosidl_typesupport_c.so" to ""
[1.896s] -- Up-to-date: /home/hell0/esp32_car2/extra_packages/install/fishbot_interfaces/include/fishbot_interfaces/fishbot_interfaces
[1.896s] -- Up-to-date: /home/hell0/esp32_car2/extra_packages/install/fishbot_interfaces/include/fishbot_interfaces/fishbot_interfaces/msg
[1.897s] -- Installing: /home/hell0/esp32_car2/extra_packages/install/fishbot_interfaces/include/fishbot_interfaces/fishbot_interfaces/msg/motorcontorl.hpp
[1.897s] -- Up-to-date: /home/hell0/esp32_car2/extra_packages/install/fishbot_interfaces/include/fishbot_interfaces/fishbot_interfaces/msg/detail
[1.897s] -- Installing: /home/hell0/esp32_car2/extra_packages/install/fishbot_interfaces/include/fishbot_interfaces/fishbot_interfaces/msg/detail/motorcontorl__builder.hpp
[1.897s] -- Installing: /home/hell0/esp32_car2/extra_packages/install/fishbot_interfaces/include/fishbot_interfaces/fishbot_interfaces/msg/detail/motorcontorl__traits.hpp
[1.897s] -- Installing: /home/hell0/esp32_car2/extra_packages/install/fishbot_interfaces/include/fishbot_interfaces/fishbot_interfaces/msg/detail/motorcontorl__struct.hpp
[1.897s] -- Up-to-date: /home/hell0/esp32_car2/extra_packages/install/fishbot_interfaces/include/fishbot_interfaces/fishbot_interfaces/srv
[1.898s] -- Up-to-date: /home/hell0/esp32_car2/extra_packages/install/fishbot_interfaces/include/fishbot_interfaces/fishbot_interfaces/srv/detail
[1.898s] -- Up-to-date: /home/hell0/esp32_car2/extra_packages/install/fishbot_interfaces/include/fishbot_interfaces/fishbot_interfaces/srv/detail/oledcontrol__struct.hpp
[1.898s] -- Up-to-date: /home/hell0/esp32_car2/extra_packages/install/fishbot_interfaces/include/fishbot_interfaces/fishbot_interfaces/srv/detail/oledcontrol__traits.hpp
[1.898s] -- Up-to-date: /home/hell0/esp32_car2/extra_packages/install/fishbot_interfaces/include/fishbot_interfaces/fishbot_interfaces/srv/detail/oledcontrol__builder.hpp
[1.898s] -- Up-to-date: /home/hell0/esp32_car2/extra_packages/install/fishbot_interfaces/include/fishbot_interfaces/fishbot_interfaces/srv/oledcontrol.hpp
[1.899s] -- Up-to-date: /home/hell0/esp32_car2/extra_packages/install/fishbot_interfaces/include/fishbot_interfaces/fishbot_interfaces
[1.899s] -- Up-to-date: /home/hell0/esp32_car2/extra_packages/install/fishbot_interfaces/include/fishbot_interfaces/fishbot_interfaces/msg
[1.899s] -- Up-to-date: /home/hell0/esp32_car2/extra_packages/install/fishbot_interfaces/include/fishbot_interfaces/fishbot_interfaces/msg/rosidl_typesupport_fastrtps_cpp__visibility_control.h
[1.899s] -- Up-to-date: /home/hell0/esp32_car2/extra_packages/install/fishbot_interfaces/include/fishbot_interfaces/fishbot_interfaces/msg/detail
[1.899s] -- Installing: /home/hell0/esp32_car2/extra_packages/install/fishbot_interfaces/include/fishbot_interfaces/fishbot_interfaces/msg/detail/motorcontorl__rosidl_typesupport_fastrtps_cpp.hpp
[1.899s] -- Up-to-date: /home/hell0/esp32_car2/extra_packages/install/fishbot_interfaces/include/fishbot_interfaces/fishbot_interfaces/msg/detail/dds_fastrtps
[1.899s] -- Up-to-date: /home/hell0/esp32_car2/extra_packages/install/fishbot_interfaces/include/fishbot_interfaces/fishbot_interfaces/srv
[1.899s] -- Up-to-date: /home/hell0/esp32_car2/extra_packages/install/fishbot_interfaces/include/fishbot_interfaces/fishbot_interfaces/srv/detail
[1.899s] -- Up-to-date: /home/hell0/esp32_car2/extra_packages/install/fishbot_interfaces/include/fishbot_interfaces/fishbot_interfaces/srv/detail/dds_fastrtps
[1.899s] -- Up-to-date: /home/hell0/esp32_car2/extra_packages/install/fishbot_interfaces/include/fishbot_interfaces/fishbot_interfaces/srv/detail/oledcontrol__rosidl_typesupport_fastrtps_cpp.hpp
[1.900s] -- Installing: /home/hell0/esp32_car2/extra_packages/install/fishbot_interfaces/lib/libfishbot_interfaces__rosidl_typesupport_fastrtps_cpp.so
[1.900s] -- Set runtime path of "/home/hell0/esp32_car2/extra_packages/install/fishbot_interfaces/lib/libfishbot_interfaces__rosidl_typesupport_fastrtps_cpp.so" to ""
[1.900s] -- Up-to-date: /home/hell0/esp32_car2/extra_packages/install/fishbot_interfaces/include/fishbot_interfaces/fishbot_interfaces
[1.900s] -- Up-to-date: /home/hell0/esp32_car2/extra_packages/install/fishbot_interfaces/include/fishbot_interfaces/fishbot_interfaces/msg
[1.900s] -- Up-to-date: /home/hell0/esp32_car2/extra_packages/install/fishbot_interfaces/include/fishbot_interfaces/fishbot_interfaces/msg/detail
[1.901s] -- Installing: /home/hell0/esp32_car2/extra_packages/install/fishbot_interfaces/include/fishbot_interfaces/fishbot_interfaces/msg/detail/motorcontorl__type_support.cpp
[1.901s] -- Installing: /home/hell0/esp32_car2/extra_packages/install/fishbot_interfaces/include/fishbot_interfaces/fishbot_interfaces/msg/detail/motorcontorl__rosidl_typesupport_introspection_cpp.hpp
[1.901s] -- Up-to-date: /home/hell0/esp32_car2/extra_packages/install/fishbot_interfaces/include/fishbot_interfaces/fishbot_interfaces/srv
[1.901s] -- Up-to-date: /home/hell0/esp32_car2/extra_packages/install/fishbot_interfaces/include/fishbot_interfaces/fishbot_interfaces/srv/detail
[1.901s] -- Up-to-date: /home/hell0/esp32_car2/extra_packages/install/fishbot_interfaces/include/fishbot_interfaces/fishbot_interfaces/srv/detail/oledcontrol__type_support.cpp
[1.901s] -- Up-to-date: /home/hell0/esp32_car2/extra_packages/install/fishbot_interfaces/include/fishbot_interfaces/fishbot_interfaces/srv/detail/oledcontrol__rosidl_typesupport_introspection_cpp.hpp
[1.902s] -- Installing: /home/hell0/esp32_car2/extra_packages/install/fishbot_interfaces/lib/libfishbot_interfaces__rosidl_typesupport_introspection_cpp.so
[1.902s] -- Set runtime path of "/home/hell0/esp32_car2/extra_packages/install/fishbot_interfaces/lib/libfishbot_interfaces__rosidl_typesupport_introspection_cpp.so" to ""
[1.902s] -- Installing: /home/hell0/esp32_car2/extra_packages/install/fishbot_interfaces/lib/libfishbot_interfaces__rosidl_typesupport_cpp.so
[1.903s] -- Set runtime path of "/home/hell0/esp32_car2/extra_packages/install/fishbot_interfaces/lib/libfishbot_interfaces__rosidl_typesupport_cpp.so" to ""
[1.903s] -- Up-to-date: /home/hell0/esp32_car2/extra_packages/install/fishbot_interfaces/share/fishbot_interfaces/environment/pythonpath.sh
[1.903s] -- Installing: /home/hell0/esp32_car2/extra_packages/install/fishbot_interfaces/share/fishbot_interfaces/environment/pythonpath.dsv
[1.903s] -- Up-to-date: /home/hell0/esp32_car2/extra_packages/install/fishbot_interfaces/local/lib/python3.10/dist-packages/fishbot_interfaces-0.0.0-py3.10.egg-info
[1.903s] -- Installing: /home/hell0/esp32_car2/extra_packages/install/fishbot_interfaces/local/lib/python3.10/dist-packages/fishbot_interfaces-0.0.0-py3.10.egg-info/dependency_links.txt
[1.903s] -- Installing: /home/hell0/esp32_car2/extra_packages/install/fishbot_interfaces/local/lib/python3.10/dist-packages/fishbot_interfaces-0.0.0-py3.10.egg-info/PKG-INFO
[1.904s] -- Installing: /home/hell0/esp32_car2/extra_packages/install/fishbot_interfaces/local/lib/python3.10/dist-packages/fishbot_interfaces-0.0.0-py3.10.egg-info/SOURCES.txt
[1.904s] -- Installing: /home/hell0/esp32_car2/extra_packages/install/fishbot_interfaces/local/lib/python3.10/dist-packages/fishbot_interfaces-0.0.0-py3.10.egg-info/top_level.txt
[1.904s] -- Up-to-date: /home/hell0/esp32_car2/extra_packages/install/fishbot_interfaces/local/lib/python3.10/dist-packages/fishbot_interfaces
[1.904s] -- Installing: /home/hell0/esp32_car2/extra_packages/install/fishbot_interfaces/local/lib/python3.10/dist-packages/fishbot_interfaces/fishbot_interfaces_s__rosidl_typesupport_fastrtps_c.cpython-310-x86_64-linux-gnu.so
[1.904s] -- Up-to-date: /home/hell0/esp32_car2/extra_packages/install/fishbot_interfaces/local/lib/python3.10/dist-packages/fishbot_interfaces/msg
[1.905s] -- Installing: /home/hell0/esp32_car2/extra_packages/install/fishbot_interfaces/local/lib/python3.10/dist-packages/fishbot_interfaces/msg/__init__.py
[1.905s] -- Installing: /home/hell0/esp32_car2/extra_packages/install/fishbot_interfaces/local/lib/python3.10/dist-packages/fishbot_interfaces/msg/_motorcontorl.py
[1.905s] -- Installing: /home/hell0/esp32_car2/extra_packages/install/fishbot_interfaces/local/lib/python3.10/dist-packages/fishbot_interfaces/msg/_motorcontorl_s.c
[1.905s] -- Installing: /home/hell0/esp32_car2/extra_packages/install/fishbot_interfaces/local/lib/python3.10/dist-packages/fishbot_interfaces/__init__.py
[1.905s] -- Up-to-date: /home/hell0/esp32_car2/extra_packages/install/fishbot_interfaces/local/lib/python3.10/dist-packages/fishbot_interfaces/srv
[1.905s] -- Up-to-date: /home/hell0/esp32_car2/extra_packages/install/fishbot_interfaces/local/lib/python3.10/dist-packages/fishbot_interfaces/srv/_oledcontrol.py
[1.905s] -- Up-to-date: /home/hell0/esp32_car2/extra_packages/install/fishbot_interfaces/local/lib/python3.10/dist-packages/fishbot_interfaces/srv/__init__.py
[1.905s] -- Up-to-date: /home/hell0/esp32_car2/extra_packages/install/fishbot_interfaces/local/lib/python3.10/dist-packages/fishbot_interfaces/srv/_oledcontrol_s.c
[1.905s] -- Up-to-date: /home/hell0/esp32_car2/extra_packages/install/fishbot_interfaces/local/lib/python3.10/dist-packages/fishbot_interfaces/_fishbot_interfaces_s.ep.rosidl_typesupport_fastrtps_c.c
[1.905s] -- Up-to-date: /home/hell0/esp32_car2/extra_packages/install/fishbot_interfaces/local/lib/python3.10/dist-packages/fishbot_interfaces/_fishbot_interfaces_s.ep.rosidl_typesupport_c.c
[1.905s] -- Installing: /home/hell0/esp32_car2/extra_packages/install/fishbot_interfaces/local/lib/python3.10/dist-packages/fishbot_interfaces/libfishbot_interfaces__rosidl_generator_py.so
[1.906s] -- Installing: /home/hell0/esp32_car2/extra_packages/install/fishbot_interfaces/local/lib/python3.10/dist-packages/fishbot_interfaces/fishbot_interfaces_s__rosidl_typesupport_introspection_c.cpython-310-x86_64-linux-gnu.so
[1.906s] -- Up-to-date: /home/hell0/esp32_car2/extra_packages/install/fishbot_interfaces/local/lib/python3.10/dist-packages/fishbot_interfaces/_fishbot_interfaces_s.ep.rosidl_typesupport_introspection_c.c
[1.906s] -- Installing: /home/hell0/esp32_car2/extra_packages/install/fishbot_interfaces/local/lib/python3.10/dist-packages/fishbot_interfaces/fishbot_interfaces_s__rosidl_typesupport_c.cpython-310-x86_64-linux-gnu.so
[1.927s] Listing '/home/hell0/esp32_car2/extra_packages/install/fishbot_interfaces/local/lib/python3.10/dist-packages/fishbot_interfaces'...
[1.927s] Compiling '/home/hell0/esp32_car2/extra_packages/install/fishbot_interfaces/local/lib/python3.10/dist-packages/fishbot_interfaces/__init__.py'...
[1.927s] Listing '/home/hell0/esp32_car2/extra_packages/install/fishbot_interfaces/local/lib/python3.10/dist-packages/fishbot_interfaces/msg'...
[1.927s] Compiling '/home/hell0/esp32_car2/extra_packages/install/fishbot_interfaces/local/lib/python3.10/dist-packages/fishbot_interfaces/msg/__init__.py'...
[1.927s] Compiling '/home/hell0/esp32_car2/extra_packages/install/fishbot_interfaces/local/lib/python3.10/dist-packages/fishbot_interfaces/msg/_motorcontorl.py'...
[1.927s] Listing '/home/hell0/esp32_car2/extra_packages/install/fishbot_interfaces/local/lib/python3.10/dist-packages/fishbot_interfaces/srv'...
[1.931s] -- Installing: /home/hell0/esp32_car2/extra_packages/install/fishbot_interfaces/local/lib/python3.10/dist-packages/fishbot_interfaces/fishbot_interfaces_s__rosidl_typesupport_fastrtps_c.cpython-310-x86_64-linux-gnu.so
[1.931s] -- Set runtime path of "/home/hell0/esp32_car2/extra_packages/install/fishbot_interfaces/local/lib/python3.10/dist-packages/fishbot_interfaces/fishbot_interfaces_s__rosidl_typesupport_fastrtps_c.cpython-310-x86_64-linux-gnu.so" to ""
[1.931s] -- Installing: /home/hell0/esp32_car2/extra_packages/install/fishbot_interfaces/local/lib/python3.10/dist-packages/fishbot_interfaces/fishbot_interfaces_s__rosidl_typesupport_introspection_c.cpython-310-x86_64-linux-gnu.so
[1.931s] -- Set runtime path of "/home/hell0/esp32_car2/extra_packages/install/fishbot_interfaces/local/lib/python3.10/dist-packages/fishbot_interfaces/fishbot_interfaces_s__rosidl_typesupport_introspection_c.cpython-310-x86_64-linux-gnu.so" to ""
[1.931s] -- Installing: /home/hell0/esp32_car2/extra_packages/install/fishbot_interfaces/local/lib/python3.10/dist-packages/fishbot_interfaces/fishbot_interfaces_s__rosidl_typesupport_c.cpython-310-x86_64-linux-gnu.so
[1.931s] -- Set runtime path of "/home/hell0/esp32_car2/extra_packages/install/fishbot_interfaces/local/lib/python3.10/dist-packages/fishbot_interfaces/fishbot_interfaces_s__rosidl_typesupport_c.cpython-310-x86_64-linux-gnu.so" to ""
[1.932s] -- Installing: /home/hell0/esp32_car2/extra_packages/install/fishbot_interfaces/lib/libfishbot_interfaces__rosidl_generator_py.so
[1.932s] -- Set runtime path of "/home/hell0/esp32_car2/extra_packages/install/fishbot_interfaces/lib/libfishbot_interfaces__rosidl_generator_py.so" to ""
[1.932s] -- Up-to-date: /home/hell0/esp32_car2/extra_packages/install/fishbot_interfaces/share/fishbot_interfaces/srv/Oledcontrol.idl
[1.932s] -- Up-to-date: /home/hell0/esp32_car2/extra_packages/install/fishbot_interfaces/share/fishbot_interfaces/msg/Motorcontorl.idl
[1.932s] -- Up-to-date: /home/hell0/esp32_car2/extra_packages/install/fishbot_interfaces/share/fishbot_interfaces/srv/Oledcontrol.srv
[1.932s] -- Up-to-date: /home/hell0/esp32_car2/extra_packages/install/fishbot_interfaces/share/fishbot_interfaces/srv/Oledcontrol_Request.msg
[1.933s] -- Up-to-date: /home/hell0/esp32_car2/extra_packages/install/fishbot_interfaces/share/fishbot_interfaces/srv/Oledcontrol_Response.msg
[1.933s] -- Up-to-date: /home/hell0/esp32_car2/extra_packages/install/fishbot_interfaces/share/fishbot_interfaces/msg/Motorcontorl.msg
[1.933s] -- Up-to-date: /home/hell0/esp32_car2/extra_packages/install/fishbot_interfaces/share/ament_index/resource_index/package_run_dependencies/fishbot_interfaces
[1.933s] -- Up-to-date: /home/hell0/esp32_car2/extra_packages/install/fishbot_interfaces/share/ament_index/resource_index/parent_prefix_path/fishbot_interfaces
[1.933s] -- Up-to-date: /home/hell0/esp32_car2/extra_packages/install/fishbot_interfaces/share/fishbot_interfaces/environment/ament_prefix_path.sh
[1.933s] -- Installing: /home/hell0/esp32_car2/extra_packages/install/fishbot_interfaces/share/fishbot_interfaces/environment/ament_prefix_path.dsv
[1.933s] -- Up-to-date: /home/hell0/esp32_car2/extra_packages/install/fishbot_interfaces/share/fishbot_interfaces/environment/path.sh
[1.933s] -- Installing: /home/hell0/esp32_car2/extra_packages/install/fishbot_interfaces/share/fishbot_interfaces/environment/path.dsv
[1.933s] -- Up-to-date: /home/hell0/esp32_car2/extra_packages/install/fishbot_interfaces/share/fishbot_interfaces/local_setup.bash
[1.933s] -- Up-to-date: /home/hell0/esp32_car2/extra_packages/install/fishbot_interfaces/share/fishbot_interfaces/local_setup.sh
[1.933s] -- Up-to-date: /home/hell0/esp32_car2/extra_packages/install/fishbot_interfaces/share/fishbot_interfaces/local_setup.zsh
[1.933s] -- Installing: /home/hell0/esp32_car2/extra_packages/install/fishbot_interfaces/share/fishbot_interfaces/local_setup.dsv
[1.933s] -- Installing: /home/hell0/esp32_car2/extra_packages/install/fishbot_interfaces/share/fishbot_interfaces/package.dsv
[1.933s] -- Up-to-date: /home/hell0/esp32_car2/extra_packages/install/fishbot_interfaces/share/ament_index/resource_index/packages/fishbot_interfaces
[1.933s] -- Up-to-date: /home/hell0/esp32_car2/extra_packages/install/fishbot_interfaces/share/fishbot_interfaces/cmake/export_fishbot_interfaces__rosidl_generator_cExport.cmake
[1.933s] -- Up-to-date: /home/hell0/esp32_car2/extra_packages/install/fishbot_interfaces/share/fishbot_interfaces/cmake/export_fishbot_interfaces__rosidl_generator_cExport-noconfig.cmake
[1.934s] -- Up-to-date: /home/hell0/esp32_car2/extra_packages/install/fishbot_interfaces/share/fishbot_interfaces/cmake/export_fishbot_interfaces__rosidl_typesupport_fastrtps_cExport.cmake
[1.934s] -- Up-to-date: /home/hell0/esp32_car2/extra_packages/install/fishbot_interfaces/share/fishbot_interfaces/cmake/export_fishbot_interfaces__rosidl_typesupport_fastrtps_cExport-noconfig.cmake
[1.934s] -- Up-to-date: /home/hell0/esp32_car2/extra_packages/install/fishbot_interfaces/share/fishbot_interfaces/cmake/fishbot_interfaces__rosidl_typesupport_introspection_cExport.cmake
[1.934s] -- Up-to-date: /home/hell0/esp32_car2/extra_packages/install/fishbot_interfaces/share/fishbot_interfaces/cmake/fishbot_interfaces__rosidl_typesupport_introspection_cExport-noconfig.cmake
[1.934s] -- Up-to-date: /home/hell0/esp32_car2/extra_packages/install/fishbot_interfaces/share/fishbot_interfaces/cmake/fishbot_interfaces__rosidl_typesupport_cExport.cmake
[1.934s] -- Up-to-date: /home/hell0/esp32_car2/extra_packages/install/fishbot_interfaces/share/fishbot_interfaces/cmake/fishbot_interfaces__rosidl_typesupport_cExport-noconfig.cmake
[1.935s] -- Up-to-date: /home/hell0/esp32_car2/extra_packages/install/fishbot_interfaces/share/fishbot_interfaces/cmake/export_fishbot_interfaces__rosidl_generator_cppExport.cmake
[1.935s] -- Up-to-date: /home/hell0/esp32_car2/extra_packages/install/fishbot_interfaces/share/fishbot_interfaces/cmake/export_fishbot_interfaces__rosidl_typesupport_fastrtps_cppExport.cmake
[1.935s] -- Up-to-date: /home/hell0/esp32_car2/extra_packages/install/fishbot_interfaces/share/fishbot_interfaces/cmake/export_fishbot_interfaces__rosidl_typesupport_fastrtps_cppExport-noconfig.cmake
[1.935s] -- Up-to-date: /home/hell0/esp32_car2/extra_packages/install/fishbot_interfaces/share/fishbot_interfaces/cmake/fishbot_interfaces__rosidl_typesupport_introspection_cppExport.cmake
[1.935s] -- Up-to-date: /home/hell0/esp32_car2/extra_packages/install/fishbot_interfaces/share/fishbot_interfaces/cmake/fishbot_interfaces__rosidl_typesupport_introspection_cppExport-noconfig.cmake
[1.936s] -- Up-to-date: /home/hell0/esp32_car2/extra_packages/install/fishbot_interfaces/share/fishbot_interfaces/cmake/fishbot_interfaces__rosidl_typesupport_cppExport.cmake
[1.936s] -- Up-to-date: /home/hell0/esp32_car2/extra_packages/install/fishbot_interfaces/share/fishbot_interfaces/cmake/fishbot_interfaces__rosidl_typesupport_cppExport-noconfig.cmake
[1.938s] -- Up-to-date: /home/hell0/esp32_car2/extra_packages/install/fishbot_interfaces/share/fishbot_interfaces/cmake/export_fishbot_interfaces__rosidl_generator_pyExport.cmake
[1.938s] -- Up-to-date: /home/hell0/esp32_car2/extra_packages/install/fishbot_interfaces/share/fishbot_interfaces/cmake/export_fishbot_interfaces__rosidl_generator_pyExport-noconfig.cmake
[1.938s] -- Installing: /home/hell0/esp32_car2/extra_packages/install/fishbot_interfaces/share/fishbot_interfaces/cmake/rosidl_cmake-extras.cmake
[1.938s] -- Up-to-date: /home/hell0/esp32_car2/extra_packages/install/fishbot_interfaces/share/fishbot_interfaces/cmake/ament_cmake_export_include_directories-extras.cmake
[1.938s] -- Up-to-date: /home/hell0/esp32_car2/extra_packages/install/fishbot_interfaces/share/fishbot_interfaces/cmake/ament_cmake_export_libraries-extras.cmake
[1.938s] -- Up-to-date: /home/hell0/esp32_car2/extra_packages/install/fishbot_interfaces/share/fishbot_interfaces/cmake/ament_cmake_export_targets-extras.cmake
[1.938s] -- Up-to-date: /home/hell0/esp32_car2/extra_packages/install/fishbot_interfaces/share/fishbot_interfaces/cmake/rosidl_cmake_export_typesupport_targets-extras.cmake
[1.938s] -- Up-to-date: /home/hell0/esp32_car2/extra_packages/install/fishbot_interfaces/share/fishbot_interfaces/cmake/ament_cmake_export_dependencies-extras.cmake
[1.938s] -- Up-to-date: /home/hell0/esp32_car2/extra_packages/install/fishbot_interfaces/share/fishbot_interfaces/cmake/rosidl_cmake_export_typesupport_libraries-extras.cmake
[1.938s] -- Up-to-date: /home/hell0/esp32_car2/extra_packages/install/fishbot_interfaces/share/fishbot_interfaces/cmake/fishbot_interfacesConfig.cmake
[1.938s] -- Up-to-date: /home/hell0/esp32_car2/extra_packages/install/fishbot_interfaces/share/fishbot_interfaces/cmake/fishbot_interfacesConfig-version.cmake
[1.938s] -- Up-to-date: /home/hell0/esp32_car2/extra_packages/install/fishbot_interfaces/share/fishbot_interfaces/package.xml
[1.939s] Invoked command in '/home/hell0/esp32_car2/extra_packages/build/fishbot_interfaces' returned '0': CMAKE_PREFIX_PATH=/opt/ros/humble /usr/bin/cmake --install /home/hell0/esp32_car2/extra_packages/build/fishbot_interfaces
