-- Found ament_cmake: 1.3.9 (/opt/ros/humble/share/ament_cmake/cmake)
-- Found ament_lint_auto: 0.12.11 (/opt/ros/humble/share/ament_lint_auto/cmake)
-- Found rosidl_default_generators: 1.2.0 (/opt/ros/humble/share/rosidl_default_generators/cmake)
-- Using all available rosidl_typesupport_c: rosidl_typesupport_fastrtps_c;rosidl_typesupport_introspection_c
-- Found rosidl_adapter: 3.1.5 (/opt/ros/humble/share/rosidl_adapter/cmake)
-- Using all available rosidl_typesupport_cpp: rosidl_typesupport_fastrtps_cpp;rosidl_typesupport_introspection_cpp
-- Found ament_cmake_ros: 0.10.0 (/opt/ros/humble/share/ament_cmake_ros/cmake)
-- Using all available rosidl_typesupport_c: rosidl_typesupport_fastrtps_c;rosidl_typesupport_introspection_c
-- Using all available rosidl_typesupport_cpp: rosidl_typesupport_fastrtps_cpp;rosidl_typesupport_introspection_cpp
-- Found python_cmake_module: 0.10.0 (/opt/ros/humble/share/python_cmake_module/cmake)
-- Using PYTHON_EXECUTABLE: /usr/bin/python3
-- Using PYTHON_INCLUDE_DIRS: /usr/include/python3.10
-- Using PYTHON_LIBRARIES: /usr/lib/x86_64-linux-gnu/libpython3.10.so
[31mCMake Error at CMakeLists.txt:33 (add_executable):
  add_executable cannot create target "fishbot_interfaces" because another
  target with the same name already exists.  The existing target is a custom
  target created in source directory
  "/home/hell0/esp32_car2/extra_packages/fishbot_interfaces".  See
  documentation for policy CMP0002 for more details.

[0m
[31mCMake Error at /opt/ros/humble/share/ament_cmake_target_dependencies/cmake/ament_target_dependencies.cmake:42 (message):
  ament_target_dependencies() the first argument must be a valid target name
Call Stack (most recent call first):
  CMakeLists.txt:34 (ament_target_dependencies)

[0m
-- Configuring incomplete, errors occurred!
See also "/home/hell0/esp32_car2/extra_packages/build/fishbot_interfaces/CMakeFiles/CMakeOutput.log".
gmake: *** [Makefile:963：cmake_check_build_system] 错误 1
