[0.007s] Invoking command in '/home/hell0/esp32_car2/extra_packages/build/fishbot_interfaces': CMAKE_PREFIX_PATH=/opt/ros/humble /usr/bin/cmake /home/hell0/esp32_car2/extra_packages/fishbot_interfaces -DCMAKE_INSTALL_PREFIX=/home/hell0/esp32_car2/extra_packages/install/fishbot_interfaces
[0.048s] -- The C compiler identification is GNU 11.4.0
[0.089s] -- The CXX compiler identification is GNU 11.4.0
[0.096s] -- Detecting C compiler ABI info
[0.165s] -- Detecting C compiler ABI info - done
[0.170s] -- Check for working C compiler: /usr/bin/cc - skipped
[0.170s] -- Detecting C compile features
[0.170s] -- Detecting C compile features - done
[0.172s] -- Detecting CXX compiler ABI info
[0.238s] -- Detecting CXX compiler ABI info - done
[0.241s] -- Check for working CXX compiler: /usr/bin/c++ - skipped
[0.242s] -- Detecting CXX compile features
[0.242s] -- Detecting CXX compile features - done
[0.243s] -- Found ament_cmake: 1.3.9 (/opt/ros/humble/share/ament_cmake/cmake)
[0.341s] -- Found Python3: /usr/bin/python3 (found version "3.10.12") found components: Interpreter 
[0.395s] -- Found ament_lint_auto: 0.12.11 (/opt/ros/humble/share/ament_lint_auto/cmake)
[0.448s] -- Found rosidl_default_generators: 1.2.0 (/opt/ros/humble/share/rosidl_default_generators/cmake)
[0.450s] -- Using all available rosidl_typesupport_c: rosidl_typesupport_fastrtps_c;rosidl_typesupport_introspection_c
[0.454s] -- Found rosidl_adapter: 3.1.5 (/opt/ros/humble/share/rosidl_adapter/cmake)
[0.493s] -- Using all available rosidl_typesupport_cpp: rosidl_typesupport_fastrtps_cpp;rosidl_typesupport_introspection_cpp
[0.631s] -- Found ament_cmake_ros: 0.10.0 (/opt/ros/humble/share/ament_cmake_ros/cmake)
[0.755s] -- Using all available rosidl_typesupport_c: rosidl_typesupport_fastrtps_c;rosidl_typesupport_introspection_c
[0.915s] -- Using all available rosidl_typesupport_cpp: rosidl_typesupport_fastrtps_cpp;rosidl_typesupport_introspection_cpp
[0.930s] -- Found PythonInterp: /usr/bin/python3 (found suitable version "3.10.12", minimum required is "3.6") 
[0.932s] -- Found python_cmake_module: 0.10.0 (/opt/ros/humble/share/python_cmake_module/cmake)
[0.948s] -- Found PythonLibs: /usr/lib/x86_64-linux-gnu/libpython3.10.so (found suitable version "3.10.12", minimum required is "3.5") 
[0.948s] -- Using PYTHON_EXECUTABLE: /usr/bin/python3
[0.949s] -- Using PYTHON_INCLUDE_DIRS: /usr/include/python3.10
[0.949s] -- Using PYTHON_LIBRARIES: /usr/lib/x86_64-linux-gnu/libpython3.10.so
[0.963s] -- Found PythonExtra: .so  
[0.986s] -- Added test 'cppcheck' to perform static code analysis on C / C++ code
[0.987s] -- Configured cppcheck include dirs: 
[0.987s] -- Configured cppcheck exclude dirs and/or files: 
[0.987s] -- Added test 'lint_cmake' to check CMake code style
[0.988s] -- Added test 'uncrustify' to check C / C++ code style
[0.988s] -- Configured uncrustify additional arguments: 
[0.988s] -- Added test 'xmllint' to check XML markup files
[0.991s] -- Configuring done
[1.006s] -- Generating done
[1.008s] -- Build files have been written to: /home/hell0/esp32_car2/extra_packages/build/fishbot_interfaces
[1.014s] Invoked command in '/home/hell0/esp32_car2/extra_packages/build/fishbot_interfaces' returned '0': CMAKE_PREFIX_PATH=/opt/ros/humble /usr/bin/cmake /home/hell0/esp32_car2/extra_packages/fishbot_interfaces -DCMAKE_INSTALL_PREFIX=/home/hell0/esp32_car2/extra_packages/install/fishbot_interfaces
[1.014s] Invoking command in '/home/hell0/esp32_car2/extra_packages/build/fishbot_interfaces': CMAKE_PREFIX_PATH=/opt/ros/humble /usr/bin/cmake --build /home/hell0/esp32_car2/extra_packages/build/fishbot_interfaces -- -j4 -l4
[1.057s] [  3%] [34m[1mGenerating C code for ROS interfaces[0m
[1.063s] [  6%] [34m[1mGenerating C++ code for ROS interfaces[0m
[1.072s] [  6%] Built target ament_cmake_python_copy_fishbot_interfaces
[1.225s] [  9%] Built target fishbot_interfaces__cpp
[1.226s] [  9%] [32mBuilding C object CMakeFiles/fishbot_interfaces__rosidl_generator_c.dir/rosidl_generator_c/fishbot_interfaces/msg/detail/motorcontorl__functions.c.o[0m
[1.233s] [ 12%] [34m[1mGenerating C++ introspection for ROS interfaces[0m
[1.249s] [ 16%] [34m[1mGenerating C++ type support for eProsima Fast-RTPS[0m
[1.252s] running egg_info
[1.252s] creating fishbot_interfaces.egg-info
[1.253s] writing fishbot_interfaces.egg-info/PKG-INFO
[1.253s] writing dependency_links to fishbot_interfaces.egg-info/dependency_links.txt
[1.253s] writing top-level names to fishbot_interfaces.egg-info/top_level.txt
[1.254s] writing manifest file 'fishbot_interfaces.egg-info/SOURCES.txt'
[1.255s] reading manifest file 'fishbot_interfaces.egg-info/SOURCES.txt'
[1.256s] writing manifest file 'fishbot_interfaces.egg-info/SOURCES.txt'
[1.267s] [ 19%] [32m[1mLinking C shared library libfishbot_interfaces__rosidl_generator_c.so[0m
[1.276s] [ 19%] Built target ament_cmake_python_build_fishbot_interfaces_egg
[1.282s] [ 22%] [34m[1mGenerating C++ type support dispatch for ROS interfaces[0m
[1.290s] [ 22%] Built target fishbot_interfaces__rosidl_generator_c
[1.297s] [ 25%] [34m[1mGenerating C introspection for ROS interfaces[0m
[1.380s] [ 29%] [32mBuilding CXX object CMakeFiles/fishbot_interfaces__rosidl_typesupport_introspection_cpp.dir/rosidl_typesupport_introspection_cpp/fishbot_interfaces/msg/detail/motorcontorl__type_support.cpp.o[0m
[1.421s] [ 32%] [32mBuilding CXX object CMakeFiles/fishbot_interfaces__rosidl_typesupport_fastrtps_cpp.dir/rosidl_typesupport_fastrtps_cpp/fishbot_interfaces/msg/detail/dds_fastrtps/motorcontorl__type_support.cpp.o[0m
[1.427s] [ 35%] [32mBuilding CXX object CMakeFiles/fishbot_interfaces__rosidl_typesupport_cpp.dir/rosidl_typesupport_cpp/fishbot_interfaces/msg/motorcontorl__type_support.cpp.o[0m
[1.454s] [ 38%] [32mBuilding C object CMakeFiles/fishbot_interfaces__rosidl_typesupport_introspection_c.dir/rosidl_typesupport_introspection_c/fishbot_interfaces/msg/detail/motorcontorl__type_support.c.o[0m
[1.493s] [ 41%] [32m[1mLinking C shared library libfishbot_interfaces__rosidl_typesupport_introspection_c.so[0m
[1.512s] [ 41%] Built target fishbot_interfaces__rosidl_typesupport_introspection_c
[1.519s] [ 45%] [34m[1mGenerating C type support dispatch for ROS interfaces[0m
[1.585s] [ 48%] [32m[1mLinking CXX shared library libfishbot_interfaces__rosidl_typesupport_cpp.so[0m
[1.595s] [ 51%] [32m[1mLinking CXX shared library libfishbot_interfaces__rosidl_typesupport_introspection_cpp.so[0m
[1.620s] [ 51%] Built target fishbot_interfaces__rosidl_typesupport_cpp
[1.627s] [ 54%] [34m[1mGenerating C type support for eProsima Fast-RTPS[0m
[1.635s] [ 54%] Built target fishbot_interfaces__rosidl_typesupport_introspection_cpp
[1.658s] [ 58%] [32mBuilding CXX object CMakeFiles/fishbot_interfaces__rosidl_typesupport_c.dir/rosidl_typesupport_c/fishbot_interfaces/msg/motorcontorl__type_support.cpp.o[0m
[1.665s] [ 61%] [32m[1mLinking CXX shared library libfishbot_interfaces__rosidl_typesupport_fastrtps_cpp.so[0m
[1.698s] [ 64%] [32m[1mLinking CXX shared library libfishbot_interfaces__rosidl_typesupport_c.so[0m
[1.758s] [ 64%] Built target fishbot_interfaces__rosidl_typesupport_fastrtps_cpp
[1.767s] [ 64%] Built target fishbot_interfaces__rosidl_typesupport_c
[1.832s] [ 67%] [32mBuilding CXX object CMakeFiles/fishbot_interfaces__rosidl_typesupport_fastrtps_c.dir/rosidl_typesupport_fastrtps_c/fishbot_interfaces/msg/detail/motorcontorl__type_support_c.cpp.o[0m
[2.028s] [ 70%] [32m[1mLinking CXX shared library libfishbot_interfaces__rosidl_typesupport_fastrtps_c.so[0m
[2.096s] [ 70%] Built target fishbot_interfaces__rosidl_typesupport_fastrtps_c
[2.113s] [ 70%] Built target fishbot_interfaces
[2.131s] [ 74%] [34m[1mGenerating Python code for ROS interfaces[0m
[2.316s] [ 74%] Built target fishbot_interfaces__py
[2.329s] [ 77%] [32mBuilding C object CMakeFiles/fishbot_interfaces__rosidl_generator_py.dir/rosidl_generator_py/fishbot_interfaces/msg/_motorcontorl_s.c.o[0m
[2.397s] [ 80%] [32m[1mLinking C shared library rosidl_generator_py/fishbot_interfaces/libfishbot_interfaces__rosidl_generator_py.so[0m
[2.427s] [ 80%] Built target fishbot_interfaces__rosidl_generator_py
[2.442s] [ 83%] [32mBuilding C object CMakeFiles/fishbot_interfaces__rosidl_typesupport_fastrtps_c__pyext.dir/rosidl_generator_py/fishbot_interfaces/_fishbot_interfaces_s.ep.rosidl_typesupport_fastrtps_c.c.o[0m
[2.443s] [ 90%] [32mBuilding C object CMakeFiles/fishbot_interfaces__rosidl_typesupport_c__pyext.dir/rosidl_generator_py/fishbot_interfaces/_fishbot_interfaces_s.ep.rosidl_typesupport_c.c.o[0m
[2.444s] [ 90%] [32mBuilding C object CMakeFiles/fishbot_interfaces__rosidl_typesupport_introspection_c__pyext.dir/rosidl_generator_py/fishbot_interfaces/_fishbot_interfaces_s.ep.rosidl_typesupport_introspection_c.c.o[0m
[2.500s] [ 93%] [32m[1mLinking C shared library rosidl_generator_py/fishbot_interfaces/fishbot_interfaces_s__rosidl_typesupport_fastrtps_c.cpython-310-x86_64-linux-gnu.so[0m
[2.500s] [ 96%] [32m[1mLinking C shared library rosidl_generator_py/fishbot_interfaces/fishbot_interfaces_s__rosidl_typesupport_introspection_c.cpython-310-x86_64-linux-gnu.so[0m
[2.514s] [100%] [32m[1mLinking C shared library rosidl_generator_py/fishbot_interfaces/fishbot_interfaces_s__rosidl_typesupport_c.cpython-310-x86_64-linux-gnu.so[0m
[2.523s] [100%] Built target fishbot_interfaces__rosidl_typesupport_fastrtps_c__pyext
[2.524s] [100%] Built target fishbot_interfaces__rosidl_typesupport_introspection_c__pyext
[2.539s] [100%] Built target fishbot_interfaces__rosidl_typesupport_c__pyext
[2.549s] Invoked command in '/home/hell0/esp32_car2/extra_packages/build/fishbot_interfaces' returned '0': CMAKE_PREFIX_PATH=/opt/ros/humble /usr/bin/cmake --build /home/hell0/esp32_car2/extra_packages/build/fishbot_interfaces -- -j4 -l4
[2.599s] Invoking command in '/home/hell0/esp32_car2/extra_packages/build/fishbot_interfaces': CMAKE_PREFIX_PATH=/opt/ros/humble /usr/bin/cmake --install /home/hell0/esp32_car2/extra_packages/build/fishbot_interfaces
[2.604s] -- Install configuration: ""
[2.604s] -- Installing: /home/hell0/esp32_car2/extra_packages/install/fishbot_interfaces/share/ament_index/resource_index/rosidl_interfaces/fishbot_interfaces
[2.605s] -- Installing: /home/hell0/esp32_car2/extra_packages/install/fishbot_interfaces/include/fishbot_interfaces/fishbot_interfaces
[2.606s] -- Installing: /home/hell0/esp32_car2/extra_packages/install/fishbot_interfaces/include/fishbot_interfaces/fishbot_interfaces/msg
[2.606s] -- Installing: /home/hell0/esp32_car2/extra_packages/install/fishbot_interfaces/include/fishbot_interfaces/fishbot_interfaces/msg/rosidl_generator_c__visibility_control.h
[2.607s] -- Installing: /home/hell0/esp32_car2/extra_packages/install/fishbot_interfaces/include/fishbot_interfaces/fishbot_interfaces/msg/motorcontorl.h
[2.607s] -- Installing: /home/hell0/esp32_car2/extra_packages/install/fishbot_interfaces/include/fishbot_interfaces/fishbot_interfaces/msg/detail
[2.607s] -- Installing: /home/hell0/esp32_car2/extra_packages/install/fishbot_interfaces/include/fishbot_interfaces/fishbot_interfaces/msg/detail/motorcontorl__functions.h
[2.608s] -- Installing: /home/hell0/esp32_car2/extra_packages/install/fishbot_interfaces/include/fishbot_interfaces/fishbot_interfaces/msg/detail/motorcontorl__functions.c
[2.609s] -- Installing: /home/hell0/esp32_car2/extra_packages/install/fishbot_interfaces/include/fishbot_interfaces/fishbot_interfaces/msg/detail/motorcontorl__struct.h
[2.610s] -- Installing: /home/hell0/esp32_car2/extra_packages/install/fishbot_interfaces/include/fishbot_interfaces/fishbot_interfaces/msg/detail/motorcontorl__type_support.h
[2.611s] -- Installing: /home/hell0/esp32_car2/extra_packages/install/fishbot_interfaces/share/fishbot_interfaces/environment/library_path.sh
[2.612s] -- Installing: /home/hell0/esp32_car2/extra_packages/install/fishbot_interfaces/share/fishbot_interfaces/environment/library_path.dsv
[2.612s] -- Installing: /home/hell0/esp32_car2/extra_packages/install/fishbot_interfaces/lib/libfishbot_interfaces__rosidl_generator_c.so
[2.614s] -- Set runtime path of "/home/hell0/esp32_car2/extra_packages/install/fishbot_interfaces/lib/libfishbot_interfaces__rosidl_generator_c.so" to ""
[2.614s] -- Up-to-date: /home/hell0/esp32_car2/extra_packages/install/fishbot_interfaces/include/fishbot_interfaces/fishbot_interfaces
[2.614s] -- Up-to-date: /home/hell0/esp32_car2/extra_packages/install/fishbot_interfaces/include/fishbot_interfaces/fishbot_interfaces/msg
[2.614s] -- Up-to-date: /home/hell0/esp32_car2/extra_packages/install/fishbot_interfaces/include/fishbot_interfaces/fishbot_interfaces/msg/detail
[2.614s] -- Installing: /home/hell0/esp32_car2/extra_packages/install/fishbot_interfaces/include/fishbot_interfaces/fishbot_interfaces/msg/detail/motorcontorl__rosidl_typesupport_fastrtps_c.h
[2.615s] -- Installing: /home/hell0/esp32_car2/extra_packages/install/fishbot_interfaces/include/fishbot_interfaces/fishbot_interfaces/msg/rosidl_typesupport_fastrtps_c__visibility_control.h
[2.615s] -- Installing: /home/hell0/esp32_car2/extra_packages/install/fishbot_interfaces/lib/libfishbot_interfaces__rosidl_typesupport_fastrtps_c.so
[2.615s] -- Set runtime path of "/home/hell0/esp32_car2/extra_packages/install/fishbot_interfaces/lib/libfishbot_interfaces__rosidl_typesupport_fastrtps_c.so" to ""
[2.615s] -- Up-to-date: /home/hell0/esp32_car2/extra_packages/install/fishbot_interfaces/include/fishbot_interfaces/fishbot_interfaces
[2.615s] -- Up-to-date: /home/hell0/esp32_car2/extra_packages/install/fishbot_interfaces/include/fishbot_interfaces/fishbot_interfaces/msg
[2.615s] -- Up-to-date: /home/hell0/esp32_car2/extra_packages/install/fishbot_interfaces/include/fishbot_interfaces/fishbot_interfaces/msg/detail
[2.615s] -- Installing: /home/hell0/esp32_car2/extra_packages/install/fishbot_interfaces/include/fishbot_interfaces/fishbot_interfaces/msg/detail/motorcontorl__rosidl_typesupport_introspection_c.h
[2.615s] -- Installing: /home/hell0/esp32_car2/extra_packages/install/fishbot_interfaces/include/fishbot_interfaces/fishbot_interfaces/msg/detail/motorcontorl__type_support.c
[2.615s] -- Installing: /home/hell0/esp32_car2/extra_packages/install/fishbot_interfaces/include/fishbot_interfaces/fishbot_interfaces/msg/rosidl_typesupport_introspection_c__visibility_control.h
[2.615s] -- Installing: /home/hell0/esp32_car2/extra_packages/install/fishbot_interfaces/lib/libfishbot_interfaces__rosidl_typesupport_introspection_c.so
[2.615s] -- Set runtime path of "/home/hell0/esp32_car2/extra_packages/install/fishbot_interfaces/lib/libfishbot_interfaces__rosidl_typesupport_introspection_c.so" to ""
[2.615s] -- Installing: /home/hell0/esp32_car2/extra_packages/install/fishbot_interfaces/lib/libfishbot_interfaces__rosidl_typesupport_c.so
[2.616s] -- Set runtime path of "/home/hell0/esp32_car2/extra_packages/install/fishbot_interfaces/lib/libfishbot_interfaces__rosidl_typesupport_c.so" to ""
[2.616s] -- Up-to-date: /home/hell0/esp32_car2/extra_packages/install/fishbot_interfaces/include/fishbot_interfaces/fishbot_interfaces
[2.616s] -- Up-to-date: /home/hell0/esp32_car2/extra_packages/install/fishbot_interfaces/include/fishbot_interfaces/fishbot_interfaces/msg
[2.616s] -- Installing: /home/hell0/esp32_car2/extra_packages/install/fishbot_interfaces/include/fishbot_interfaces/fishbot_interfaces/msg/motorcontorl.hpp
[2.616s] -- Up-to-date: /home/hell0/esp32_car2/extra_packages/install/fishbot_interfaces/include/fishbot_interfaces/fishbot_interfaces/msg/detail
[2.616s] -- Installing: /home/hell0/esp32_car2/extra_packages/install/fishbot_interfaces/include/fishbot_interfaces/fishbot_interfaces/msg/detail/motorcontorl__builder.hpp
[2.616s] -- Installing: /home/hell0/esp32_car2/extra_packages/install/fishbot_interfaces/include/fishbot_interfaces/fishbot_interfaces/msg/detail/motorcontorl__traits.hpp
[2.616s] -- Installing: /home/hell0/esp32_car2/extra_packages/install/fishbot_interfaces/include/fishbot_interfaces/fishbot_interfaces/msg/detail/motorcontorl__struct.hpp
[2.616s] -- Up-to-date: /home/hell0/esp32_car2/extra_packages/install/fishbot_interfaces/include/fishbot_interfaces/fishbot_interfaces
[2.616s] -- Up-to-date: /home/hell0/esp32_car2/extra_packages/install/fishbot_interfaces/include/fishbot_interfaces/fishbot_interfaces/msg
[2.616s] -- Installing: /home/hell0/esp32_car2/extra_packages/install/fishbot_interfaces/include/fishbot_interfaces/fishbot_interfaces/msg/rosidl_typesupport_fastrtps_cpp__visibility_control.h
[2.616s] -- Up-to-date: /home/hell0/esp32_car2/extra_packages/install/fishbot_interfaces/include/fishbot_interfaces/fishbot_interfaces/msg/detail
[2.616s] -- Installing: /home/hell0/esp32_car2/extra_packages/install/fishbot_interfaces/include/fishbot_interfaces/fishbot_interfaces/msg/detail/motorcontorl__rosidl_typesupport_fastrtps_cpp.hpp
[2.616s] -- Installing: /home/hell0/esp32_car2/extra_packages/install/fishbot_interfaces/include/fishbot_interfaces/fishbot_interfaces/msg/detail/dds_fastrtps
[2.616s] -- Installing: /home/hell0/esp32_car2/extra_packages/install/fishbot_interfaces/lib/libfishbot_interfaces__rosidl_typesupport_fastrtps_cpp.so
[2.616s] -- Set runtime path of "/home/hell0/esp32_car2/extra_packages/install/fishbot_interfaces/lib/libfishbot_interfaces__rosidl_typesupport_fastrtps_cpp.so" to ""
[2.616s] -- Up-to-date: /home/hell0/esp32_car2/extra_packages/install/fishbot_interfaces/include/fishbot_interfaces/fishbot_interfaces
[2.616s] -- Up-to-date: /home/hell0/esp32_car2/extra_packages/install/fishbot_interfaces/include/fishbot_interfaces/fishbot_interfaces/msg
[2.616s] -- Up-to-date: /home/hell0/esp32_car2/extra_packages/install/fishbot_interfaces/include/fishbot_interfaces/fishbot_interfaces/msg/detail
[2.616s] -- Installing: /home/hell0/esp32_car2/extra_packages/install/fishbot_interfaces/include/fishbot_interfaces/fishbot_interfaces/msg/detail/motorcontorl__type_support.cpp
[2.616s] -- Installing: /home/hell0/esp32_car2/extra_packages/install/fishbot_interfaces/include/fishbot_interfaces/fishbot_interfaces/msg/detail/motorcontorl__rosidl_typesupport_introspection_cpp.hpp
[2.616s] -- Installing: /home/hell0/esp32_car2/extra_packages/install/fishbot_interfaces/lib/libfishbot_interfaces__rosidl_typesupport_introspection_cpp.so
[2.617s] -- Set runtime path of "/home/hell0/esp32_car2/extra_packages/install/fishbot_interfaces/lib/libfishbot_interfaces__rosidl_typesupport_introspection_cpp.so" to ""
[2.617s] -- Installing: /home/hell0/esp32_car2/extra_packages/install/fishbot_interfaces/lib/libfishbot_interfaces__rosidl_typesupport_cpp.so
[2.617s] -- Set runtime path of "/home/hell0/esp32_car2/extra_packages/install/fishbot_interfaces/lib/libfishbot_interfaces__rosidl_typesupport_cpp.so" to ""
[2.617s] -- Installing: /home/hell0/esp32_car2/extra_packages/install/fishbot_interfaces/share/fishbot_interfaces/environment/pythonpath.sh
[2.617s] -- Installing: /home/hell0/esp32_car2/extra_packages/install/fishbot_interfaces/share/fishbot_interfaces/environment/pythonpath.dsv
[2.617s] -- Installing: /home/hell0/esp32_car2/extra_packages/install/fishbot_interfaces/local/lib/python3.10/dist-packages/fishbot_interfaces-0.0.0-py3.10.egg-info
[2.617s] -- Installing: /home/hell0/esp32_car2/extra_packages/install/fishbot_interfaces/local/lib/python3.10/dist-packages/fishbot_interfaces-0.0.0-py3.10.egg-info/dependency_links.txt
[2.617s] -- Installing: /home/hell0/esp32_car2/extra_packages/install/fishbot_interfaces/local/lib/python3.10/dist-packages/fishbot_interfaces-0.0.0-py3.10.egg-info/PKG-INFO
[2.617s] -- Installing: /home/hell0/esp32_car2/extra_packages/install/fishbot_interfaces/local/lib/python3.10/dist-packages/fishbot_interfaces-0.0.0-py3.10.egg-info/SOURCES.txt
[2.617s] -- Installing: /home/hell0/esp32_car2/extra_packages/install/fishbot_interfaces/local/lib/python3.10/dist-packages/fishbot_interfaces-0.0.0-py3.10.egg-info/top_level.txt
[2.617s] -- Installing: /home/hell0/esp32_car2/extra_packages/install/fishbot_interfaces/local/lib/python3.10/dist-packages/fishbot_interfaces
[2.617s] -- Installing: /home/hell0/esp32_car2/extra_packages/install/fishbot_interfaces/local/lib/python3.10/dist-packages/fishbot_interfaces/fishbot_interfaces_s__rosidl_typesupport_fastrtps_c.cpython-310-x86_64-linux-gnu.so
[2.617s] -- Installing: /home/hell0/esp32_car2/extra_packages/install/fishbot_interfaces/local/lib/python3.10/dist-packages/fishbot_interfaces/msg
[2.617s] -- Installing: /home/hell0/esp32_car2/extra_packages/install/fishbot_interfaces/local/lib/python3.10/dist-packages/fishbot_interfaces/msg/__init__.py
[2.617s] -- Installing: /home/hell0/esp32_car2/extra_packages/install/fishbot_interfaces/local/lib/python3.10/dist-packages/fishbot_interfaces/msg/_motorcontorl.py
[2.617s] -- Installing: /home/hell0/esp32_car2/extra_packages/install/fishbot_interfaces/local/lib/python3.10/dist-packages/fishbot_interfaces/msg/_motorcontorl_s.c
[2.618s] -- Installing: /home/hell0/esp32_car2/extra_packages/install/fishbot_interfaces/local/lib/python3.10/dist-packages/fishbot_interfaces/__init__.py
[2.618s] -- Installing: /home/hell0/esp32_car2/extra_packages/install/fishbot_interfaces/local/lib/python3.10/dist-packages/fishbot_interfaces/_fishbot_interfaces_s.ep.rosidl_typesupport_fastrtps_c.c
[2.618s] -- Installing: /home/hell0/esp32_car2/extra_packages/install/fishbot_interfaces/local/lib/python3.10/dist-packages/fishbot_interfaces/_fishbot_interfaces_s.ep.rosidl_typesupport_c.c
[2.618s] -- Installing: /home/hell0/esp32_car2/extra_packages/install/fishbot_interfaces/local/lib/python3.10/dist-packages/fishbot_interfaces/libfishbot_interfaces__rosidl_generator_py.so
[2.618s] -- Installing: /home/hell0/esp32_car2/extra_packages/install/fishbot_interfaces/local/lib/python3.10/dist-packages/fishbot_interfaces/fishbot_interfaces_s__rosidl_typesupport_introspection_c.cpython-310-x86_64-linux-gnu.so
[2.618s] -- Installing: /home/hell0/esp32_car2/extra_packages/install/fishbot_interfaces/local/lib/python3.10/dist-packages/fishbot_interfaces/_fishbot_interfaces_s.ep.rosidl_typesupport_introspection_c.c
[2.618s] -- Installing: /home/hell0/esp32_car2/extra_packages/install/fishbot_interfaces/local/lib/python3.10/dist-packages/fishbot_interfaces/fishbot_interfaces_s__rosidl_typesupport_c.cpython-310-x86_64-linux-gnu.so
[2.638s] Listing '/home/hell0/esp32_car2/extra_packages/install/fishbot_interfaces/local/lib/python3.10/dist-packages/fishbot_interfaces'...
[2.638s] Compiling '/home/hell0/esp32_car2/extra_packages/install/fishbot_interfaces/local/lib/python3.10/dist-packages/fishbot_interfaces/__init__.py'...
[2.638s] Listing '/home/hell0/esp32_car2/extra_packages/install/fishbot_interfaces/local/lib/python3.10/dist-packages/fishbot_interfaces/msg'...
[2.638s] Compiling '/home/hell0/esp32_car2/extra_packages/install/fishbot_interfaces/local/lib/python3.10/dist-packages/fishbot_interfaces/msg/__init__.py'...
[2.638s] Compiling '/home/hell0/esp32_car2/extra_packages/install/fishbot_interfaces/local/lib/python3.10/dist-packages/fishbot_interfaces/msg/_motorcontorl.py'...
[2.641s] -- Installing: /home/hell0/esp32_car2/extra_packages/install/fishbot_interfaces/local/lib/python3.10/dist-packages/fishbot_interfaces/fishbot_interfaces_s__rosidl_typesupport_fastrtps_c.cpython-310-x86_64-linux-gnu.so
[2.641s] -- Set runtime path of "/home/hell0/esp32_car2/extra_packages/install/fishbot_interfaces/local/lib/python3.10/dist-packages/fishbot_interfaces/fishbot_interfaces_s__rosidl_typesupport_fastrtps_c.cpython-310-x86_64-linux-gnu.so" to ""
[2.641s] -- Installing: /home/hell0/esp32_car2/extra_packages/install/fishbot_interfaces/local/lib/python3.10/dist-packages/fishbot_interfaces/fishbot_interfaces_s__rosidl_typesupport_introspection_c.cpython-310-x86_64-linux-gnu.so
[2.642s] -- Set runtime path of "/home/hell0/esp32_car2/extra_packages/install/fishbot_interfaces/local/lib/python3.10/dist-packages/fishbot_interfaces/fishbot_interfaces_s__rosidl_typesupport_introspection_c.cpython-310-x86_64-linux-gnu.so" to ""
[2.642s] -- Installing: /home/hell0/esp32_car2/extra_packages/install/fishbot_interfaces/local/lib/python3.10/dist-packages/fishbot_interfaces/fishbot_interfaces_s__rosidl_typesupport_c.cpython-310-x86_64-linux-gnu.so
[2.642s] -- Set runtime path of "/home/hell0/esp32_car2/extra_packages/install/fishbot_interfaces/local/lib/python3.10/dist-packages/fishbot_interfaces/fishbot_interfaces_s__rosidl_typesupport_c.cpython-310-x86_64-linux-gnu.so" to ""
[2.642s] -- Installing: /home/hell0/esp32_car2/extra_packages/install/fishbot_interfaces/lib/libfishbot_interfaces__rosidl_generator_py.so
[2.643s] -- Set runtime path of "/home/hell0/esp32_car2/extra_packages/install/fishbot_interfaces/lib/libfishbot_interfaces__rosidl_generator_py.so" to ""
[2.643s] -- Installing: /home/hell0/esp32_car2/extra_packages/install/fishbot_interfaces/share/fishbot_interfaces/msg/Motorcontorl.idl
[2.643s] -- Installing: /home/hell0/esp32_car2/extra_packages/install/fishbot_interfaces/share/fishbot_interfaces/msg/Motorcontorl.msg
[2.643s] -- Installing: /home/hell0/esp32_car2/extra_packages/install/fishbot_interfaces/share/ament_index/resource_index/package_run_dependencies/fishbot_interfaces
[2.643s] -- Installing: /home/hell0/esp32_car2/extra_packages/install/fishbot_interfaces/share/ament_index/resource_index/parent_prefix_path/fishbot_interfaces
[2.644s] -- Installing: /home/hell0/esp32_car2/extra_packages/install/fishbot_interfaces/share/fishbot_interfaces/environment/ament_prefix_path.sh
[2.644s] -- Installing: /home/hell0/esp32_car2/extra_packages/install/fishbot_interfaces/share/fishbot_interfaces/environment/ament_prefix_path.dsv
[2.644s] -- Installing: /home/hell0/esp32_car2/extra_packages/install/fishbot_interfaces/share/fishbot_interfaces/environment/path.sh
[2.645s] -- Installing: /home/hell0/esp32_car2/extra_packages/install/fishbot_interfaces/share/fishbot_interfaces/environment/path.dsv
[2.645s] -- Installing: /home/hell0/esp32_car2/extra_packages/install/fishbot_interfaces/share/fishbot_interfaces/local_setup.bash
[2.645s] -- Installing: /home/hell0/esp32_car2/extra_packages/install/fishbot_interfaces/share/fishbot_interfaces/local_setup.sh
[2.646s] -- Installing: /home/hell0/esp32_car2/extra_packages/install/fishbot_interfaces/share/fishbot_interfaces/local_setup.zsh
[2.646s] -- Installing: /home/hell0/esp32_car2/extra_packages/install/fishbot_interfaces/share/fishbot_interfaces/local_setup.dsv
[2.646s] -- Installing: /home/hell0/esp32_car2/extra_packages/install/fishbot_interfaces/share/fishbot_interfaces/package.dsv
[2.646s] -- Installing: /home/hell0/esp32_car2/extra_packages/install/fishbot_interfaces/share/ament_index/resource_index/packages/fishbot_interfaces
[2.646s] -- Installing: /home/hell0/esp32_car2/extra_packages/install/fishbot_interfaces/share/fishbot_interfaces/cmake/export_fishbot_interfaces__rosidl_generator_cExport.cmake
[2.647s] -- Installing: /home/hell0/esp32_car2/extra_packages/install/fishbot_interfaces/share/fishbot_interfaces/cmake/export_fishbot_interfaces__rosidl_generator_cExport-noconfig.cmake
[2.647s] -- Installing: /home/hell0/esp32_car2/extra_packages/install/fishbot_interfaces/share/fishbot_interfaces/cmake/export_fishbot_interfaces__rosidl_typesupport_fastrtps_cExport.cmake
[2.647s] -- Installing: /home/hell0/esp32_car2/extra_packages/install/fishbot_interfaces/share/fishbot_interfaces/cmake/export_fishbot_interfaces__rosidl_typesupport_fastrtps_cExport-noconfig.cmake
[2.647s] -- Installing: /home/hell0/esp32_car2/extra_packages/install/fishbot_interfaces/share/fishbot_interfaces/cmake/fishbot_interfaces__rosidl_typesupport_introspection_cExport.cmake
[2.647s] -- Installing: /home/hell0/esp32_car2/extra_packages/install/fishbot_interfaces/share/fishbot_interfaces/cmake/fishbot_interfaces__rosidl_typesupport_introspection_cExport-noconfig.cmake
[2.647s] -- Installing: /home/hell0/esp32_car2/extra_packages/install/fishbot_interfaces/share/fishbot_interfaces/cmake/fishbot_interfaces__rosidl_typesupport_cExport.cmake
[2.648s] -- Installing: /home/hell0/esp32_car2/extra_packages/install/fishbot_interfaces/share/fishbot_interfaces/cmake/fishbot_interfaces__rosidl_typesupport_cExport-noconfig.cmake
[2.648s] -- Installing: /home/hell0/esp32_car2/extra_packages/install/fishbot_interfaces/share/fishbot_interfaces/cmake/export_fishbot_interfaces__rosidl_generator_cppExport.cmake
[2.648s] -- Installing: /home/hell0/esp32_car2/extra_packages/install/fishbot_interfaces/share/fishbot_interfaces/cmake/export_fishbot_interfaces__rosidl_typesupport_fastrtps_cppExport.cmake
[2.648s] -- Installing: /home/hell0/esp32_car2/extra_packages/install/fishbot_interfaces/share/fishbot_interfaces/cmake/export_fishbot_interfaces__rosidl_typesupport_fastrtps_cppExport-noconfig.cmake
[2.648s] -- Installing: /home/hell0/esp32_car2/extra_packages/install/fishbot_interfaces/share/fishbot_interfaces/cmake/fishbot_interfaces__rosidl_typesupport_introspection_cppExport.cmake
[2.648s] -- Installing: /home/hell0/esp32_car2/extra_packages/install/fishbot_interfaces/share/fishbot_interfaces/cmake/fishbot_interfaces__rosidl_typesupport_introspection_cppExport-noconfig.cmake
[2.648s] -- Installing: /home/hell0/esp32_car2/extra_packages/install/fishbot_interfaces/share/fishbot_interfaces/cmake/fishbot_interfaces__rosidl_typesupport_cppExport.cmake
[2.649s] -- Installing: /home/hell0/esp32_car2/extra_packages/install/fishbot_interfaces/share/fishbot_interfaces/cmake/fishbot_interfaces__rosidl_typesupport_cppExport-noconfig.cmake
[2.649s] -- Installing: /home/hell0/esp32_car2/extra_packages/install/fishbot_interfaces/share/fishbot_interfaces/cmake/export_fishbot_interfaces__rosidl_generator_pyExport.cmake
[2.649s] -- Installing: /home/hell0/esp32_car2/extra_packages/install/fishbot_interfaces/share/fishbot_interfaces/cmake/export_fishbot_interfaces__rosidl_generator_pyExport-noconfig.cmake
[2.649s] -- Installing: /home/hell0/esp32_car2/extra_packages/install/fishbot_interfaces/share/fishbot_interfaces/cmake/rosidl_cmake-extras.cmake
[2.649s] -- Installing: /home/hell0/esp32_car2/extra_packages/install/fishbot_interfaces/share/fishbot_interfaces/cmake/ament_cmake_export_include_directories-extras.cmake
[2.649s] -- Installing: /home/hell0/esp32_car2/extra_packages/install/fishbot_interfaces/share/fishbot_interfaces/cmake/ament_cmake_export_libraries-extras.cmake
[2.650s] -- Installing: /home/hell0/esp32_car2/extra_packages/install/fishbot_interfaces/share/fishbot_interfaces/cmake/ament_cmake_export_targets-extras.cmake
[2.650s] -- Installing: /home/hell0/esp32_car2/extra_packages/install/fishbot_interfaces/share/fishbot_interfaces/cmake/rosidl_cmake_export_typesupport_targets-extras.cmake
[2.650s] -- Installing: /home/hell0/esp32_car2/extra_packages/install/fishbot_interfaces/share/fishbot_interfaces/cmake/ament_cmake_export_dependencies-extras.cmake
[2.650s] -- Installing: /home/hell0/esp32_car2/extra_packages/install/fishbot_interfaces/share/fishbot_interfaces/cmake/rosidl_cmake_export_typesupport_libraries-extras.cmake
[2.650s] -- Installing: /home/hell0/esp32_car2/extra_packages/install/fishbot_interfaces/share/fishbot_interfaces/cmake/fishbot_interfacesConfig.cmake
[2.650s] -- Installing: /home/hell0/esp32_car2/extra_packages/install/fishbot_interfaces/share/fishbot_interfaces/cmake/fishbot_interfacesConfig-version.cmake
[2.650s] -- Installing: /home/hell0/esp32_car2/extra_packages/install/fishbot_interfaces/share/fishbot_interfaces/package.xml
[2.653s] Invoked command in '/home/hell0/esp32_car2/extra_packages/build/fishbot_interfaces' returned '0': CMAKE_PREFIX_PATH=/opt/ros/humble /usr/bin/cmake --install /home/hell0/esp32_car2/extra_packages/build/fishbot_interfaces
