[0.063s] DEBUG:colcon:Command line arguments: ['/usr/bin/colcon', 'build']
[0.063s] DEBUG:colcon:Parsed command line arguments: Namespace(log_base=None, log_level=None, verb_name='build', build_base='build', install_base='install', merge_install=False, symlink_install=False, test_result_base=None, continue_on_error=False, executor='parallel', parallel_workers=4, event_handlers=None, ignore_user_meta=False, metas=['./colcon.meta'], base_paths=['.'], packages_ignore=None, packages_ignore_regex=None, paths=None, packages_up_to=None, packages_up_to_regex=None, packages_above=None, packages_above_and_dependencies=None, packages_above_depth=None, packages_select_by_dep=None, packages_skip_by_dep=None, packages_skip_up_to=None, packages_select_build_failed=False, packages_skip_build_finished=False, packages_select_test_failures=False, packages_skip_test_passed=False, packages_select=None, packages_skip=None, packages_select_regex=None, packages_skip_regex=None, packages_start=None, packages_end=None, allow_overriding=[], cmake_args=None, cmake_target=None, cmake_target_skip_unavailable=False, cmake_clean_cache=False, cmake_clean_first=False, cmake_force_configure=False, ament_cmake_args=None, catkin_cmake_args=None, catkin_skip_building_tests=False, verb_parser=<colcon_defaults.argument_parser.defaults.DefaultArgumentsDecorator object at 0x7c52474f4b80>, verb_extension=<colcon_core.verb.build.BuildVerb object at 0x7c52474f4670>, main=<bound method BuildVerb.main of <colcon_core.verb.build.BuildVerb object at 0x7c52474f4670>>)
[0.178s] Level 1:colcon.colcon_core.package_discovery:discover_packages(colcon_meta) check parameters
[0.178s] Level 1:colcon.colcon_core.package_discovery:discover_packages(recursive) check parameters
[0.179s] Level 1:colcon.colcon_core.package_discovery:discover_packages(ignore) check parameters
[0.179s] Level 1:colcon.colcon_core.package_discovery:discover_packages(path) check parameters
[0.179s] Level 1:colcon.colcon_core.package_discovery:discover_packages(colcon_meta) discover
[0.179s] Level 1:colcon.colcon_core.package_discovery:discover_packages(recursive) discover
[0.179s] INFO:colcon.colcon_core.package_discovery:Crawling recursively for packages in '/home/hell0/esp32_car2/extra_packages'
[0.179s] Level 1:colcon.colcon_core.package_identification:_identify(.) by extensions ['ignore', 'ignore_ament_install']
[0.179s] Level 1:colcon.colcon_core.package_identification:_identify(.) by extension 'ignore'
[0.179s] Level 1:colcon.colcon_core.package_identification:_identify(.) by extension 'ignore_ament_install'
[0.179s] Level 1:colcon.colcon_core.package_identification:_identify(.) by extensions ['colcon_pkg']
[0.179s] Level 1:colcon.colcon_core.package_identification:_identify(.) by extension 'colcon_pkg'
[0.180s] Level 1:colcon.colcon_core.package_identification:_identify(.) by extensions ['colcon_meta']
[0.180s] Level 1:colcon.colcon_core.package_identification:_identify(.) by extension 'colcon_meta'
[0.180s] Level 1:colcon.colcon_core.package_identification:_identify(.) by extensions ['ros']
[0.180s] Level 1:colcon.colcon_core.package_identification:_identify(.) by extension 'ros'
[0.187s] Level 1:colcon.colcon_core.package_identification:_identify(.) by extensions ['cmake', 'python']
[0.187s] Level 1:colcon.colcon_core.package_identification:_identify(.) by extension 'cmake'
[0.187s] Level 1:colcon.colcon_core.package_identification:_identify(.) by extension 'python'
[0.187s] Level 1:colcon.colcon_core.package_identification:_identify(.) by extensions ['python_setup_py']
[0.187s] Level 1:colcon.colcon_core.package_identification:_identify(.) by extension 'python_setup_py'
[0.187s] Level 1:colcon.colcon_core.package_identification:_identify(build) by extensions ['ignore', 'ignore_ament_install']
[0.187s] Level 1:colcon.colcon_core.package_identification:_identify(build) by extension 'ignore'
[0.187s] Level 1:colcon.colcon_core.package_identification:_identify(build) ignored
[0.187s] Level 1:colcon.colcon_core.package_identification:_identify(fishbot_interfaces) by extensions ['ignore', 'ignore_ament_install']
[0.188s] Level 1:colcon.colcon_core.package_identification:_identify(fishbot_interfaces) by extension 'ignore'
[0.188s] Level 1:colcon.colcon_core.package_identification:_identify(fishbot_interfaces) by extension 'ignore_ament_install'
[0.188s] Level 1:colcon.colcon_core.package_identification:_identify(fishbot_interfaces) by extensions ['colcon_pkg']
[0.188s] Level 1:colcon.colcon_core.package_identification:_identify(fishbot_interfaces) by extension 'colcon_pkg'
[0.188s] Level 1:colcon.colcon_core.package_identification:_identify(fishbot_interfaces) by extensions ['colcon_meta']
[0.188s] Level 1:colcon.colcon_core.package_identification:_identify(fishbot_interfaces) by extension 'colcon_meta'
[0.188s] Level 1:colcon.colcon_core.package_identification:_identify(fishbot_interfaces) by extensions ['ros']
[0.188s] Level 1:colcon.colcon_core.package_identification:_identify(fishbot_interfaces) by extension 'ros'
[0.190s] DEBUG:colcon.colcon_core.package_identification:Package 'fishbot_interfaces' with type 'ros.ament_cmake' and name 'fishbot_interfaces'
[0.190s] Level 1:colcon.colcon_core.package_identification:_identify(install) by extensions ['ignore', 'ignore_ament_install']
[0.190s] Level 1:colcon.colcon_core.package_identification:_identify(install) by extension 'ignore'
[0.190s] Level 1:colcon.colcon_core.package_identification:_identify(install) ignored
[0.190s] Level 1:colcon.colcon_core.package_identification:_identify(log) by extensions ['ignore', 'ignore_ament_install']
[0.190s] Level 1:colcon.colcon_core.package_identification:_identify(log) by extension 'ignore'
[0.190s] Level 1:colcon.colcon_core.package_identification:_identify(log) ignored
[0.190s] Level 1:colcon.colcon_core.package_discovery:discover_packages(recursive) using defaults
[0.191s] Level 1:colcon.colcon_core.package_discovery:discover_packages(ignore) discover
[0.191s] Level 1:colcon.colcon_core.package_discovery:discover_packages(ignore) using defaults
[0.191s] Level 1:colcon.colcon_core.package_discovery:discover_packages(path) discover
[0.191s] Level 1:colcon.colcon_core.package_discovery:discover_packages(path) using defaults
[0.202s] Level 1:colcon.colcon_core.package_discovery:discover_packages(prefix_path) check parameters
[0.203s] Level 1:colcon.colcon_core.package_discovery:discover_packages(prefix_path) discover
[0.204s] DEBUG:colcon.colcon_installed_package_information.package_discovery:Found 330 installed packages in /opt/ros/humble
[0.212s] Level 1:colcon.colcon_core.package_discovery:discover_packages(prefix_path) using defaults
[0.234s] Level 5:colcon.colcon_core.verb:set package 'fishbot_interfaces' build argument 'cmake_args' from command line to 'None'
[0.234s] Level 5:colcon.colcon_core.verb:set package 'fishbot_interfaces' build argument 'cmake_target' from command line to 'None'
[0.234s] Level 5:colcon.colcon_core.verb:set package 'fishbot_interfaces' build argument 'cmake_target_skip_unavailable' from command line to 'False'
[0.234s] Level 5:colcon.colcon_core.verb:set package 'fishbot_interfaces' build argument 'cmake_clean_cache' from command line to 'False'
[0.234s] Level 5:colcon.colcon_core.verb:set package 'fishbot_interfaces' build argument 'cmake_clean_first' from command line to 'False'
[0.234s] Level 5:colcon.colcon_core.verb:set package 'fishbot_interfaces' build argument 'cmake_force_configure' from command line to 'False'
[0.234s] Level 5:colcon.colcon_core.verb:set package 'fishbot_interfaces' build argument 'ament_cmake_args' from command line to 'None'
[0.234s] Level 5:colcon.colcon_core.verb:set package 'fishbot_interfaces' build argument 'catkin_cmake_args' from command line to 'None'
[0.234s] Level 5:colcon.colcon_core.verb:set package 'fishbot_interfaces' build argument 'catkin_skip_building_tests' from command line to 'False'
[0.235s] DEBUG:colcon.colcon_core.verb:Building package 'fishbot_interfaces' with the following arguments: {'ament_cmake_args': None, 'build_base': '/home/hell0/esp32_car2/extra_packages/build/fishbot_interfaces', 'catkin_cmake_args': None, 'catkin_skip_building_tests': False, 'cmake_args': None, 'cmake_clean_cache': False, 'cmake_clean_first': False, 'cmake_force_configure': False, 'cmake_target': None, 'cmake_target_skip_unavailable': False, 'install_base': '/home/hell0/esp32_car2/extra_packages/install/fishbot_interfaces', 'merge_install': False, 'path': '/home/hell0/esp32_car2/extra_packages/fishbot_interfaces', 'symlink_install': False, 'test_result_base': None}
[0.235s] INFO:colcon.colcon_core.executor:Executing jobs using 'parallel' executor
[0.236s] DEBUG:colcon.colcon_parallel_executor.executor.parallel:run_until_complete
[0.236s] INFO:colcon.colcon_ros.task.ament_cmake.build:Building ROS package in '/home/hell0/esp32_car2/extra_packages/fishbot_interfaces' with build type 'ament_cmake'
[0.236s] INFO:colcon.colcon_cmake.task.cmake.build:Building CMake package in '/home/hell0/esp32_car2/extra_packages/fishbot_interfaces'
[0.238s] INFO:colcon.colcon_core.plugin_system:Skipping extension 'colcon_core.shell.bat': Not used on non-Windows systems
[0.238s] INFO:colcon.colcon_core.shell:Skip shell extension 'powershell' for command environment: Not usable outside of PowerShell
[0.238s] DEBUG:colcon.colcon_core.shell:Skip shell extension 'dsv' for command environment
[0.246s] DEBUG:colcon.colcon_core.event_handler.log_command:Invoking command in '/home/hell0/esp32_car2/extra_packages/build/fishbot_interfaces': CMAKE_PREFIX_PATH=/opt/ros/humble /usr/bin/cmake --build /home/hell0/esp32_car2/extra_packages/build/fishbot_interfaces -- -j4 -l4
[0.469s] DEBUG:colcon.colcon_core.event_handler.log_command:Invoked command in '/home/hell0/esp32_car2/extra_packages/build/fishbot_interfaces' returned '2': CMAKE_PREFIX_PATH=/opt/ros/humble /usr/bin/cmake --build /home/hell0/esp32_car2/extra_packages/build/fishbot_interfaces -- -j4 -l4
[0.512s] Level 1:colcon.colcon_core.environment:create_environment_scripts_only(fishbot_interfaces)
[0.513s] Level 1:colcon.colcon_core.environment:checking '/home/hell0/esp32_car2/extra_packages/install/fishbot_interfaces' for CMake module files
[0.514s] Level 1:colcon.colcon_core.environment:checking '/home/hell0/esp32_car2/extra_packages/install/fishbot_interfaces' for CMake config files
[0.514s] Level 1:colcon.colcon_core.shell:create_environment_hook('fishbot_interfaces', 'cmake_prefix_path')
[0.514s] INFO:colcon.colcon_core.shell:Creating environment hook '/home/hell0/esp32_car2/extra_packages/install/fishbot_interfaces/share/fishbot_interfaces/hook/cmake_prefix_path.ps1'
[0.515s] INFO:colcon.colcon_core.shell:Creating environment descriptor '/home/hell0/esp32_car2/extra_packages/install/fishbot_interfaces/share/fishbot_interfaces/hook/cmake_prefix_path.dsv'
[0.515s] INFO:colcon.colcon_core.shell:Creating environment hook '/home/hell0/esp32_car2/extra_packages/install/fishbot_interfaces/share/fishbot_interfaces/hook/cmake_prefix_path.sh'
[0.516s] Level 1:colcon.colcon_core.environment:checking '/home/hell0/esp32_car2/extra_packages/install/fishbot_interfaces/lib'
[0.517s] Level 1:colcon.colcon_core.shell:create_environment_hook('fishbot_interfaces', 'ld_library_path_lib')
[0.517s] INFO:colcon.colcon_core.shell:Creating environment hook '/home/hell0/esp32_car2/extra_packages/install/fishbot_interfaces/share/fishbot_interfaces/hook/ld_library_path_lib.ps1'
[0.517s] INFO:colcon.colcon_core.shell:Creating environment descriptor '/home/hell0/esp32_car2/extra_packages/install/fishbot_interfaces/share/fishbot_interfaces/hook/ld_library_path_lib.dsv'
[0.518s] INFO:colcon.colcon_core.shell:Creating environment hook '/home/hell0/esp32_car2/extra_packages/install/fishbot_interfaces/share/fishbot_interfaces/hook/ld_library_path_lib.sh'
[0.518s] Level 1:colcon.colcon_core.environment:checking '/home/hell0/esp32_car2/extra_packages/install/fishbot_interfaces/bin'
[0.518s] Level 1:colcon.colcon_core.environment:checking '/home/hell0/esp32_car2/extra_packages/install/fishbot_interfaces/lib/pkgconfig/fishbot_interfaces.pc'
[0.518s] Level 1:colcon.colcon_core.environment:checking '/home/hell0/esp32_car2/extra_packages/install/fishbot_interfaces/lib/python3.10/site-packages'
[0.518s] Level 1:colcon.colcon_core.environment:checking '/home/hell0/esp32_car2/extra_packages/install/fishbot_interfaces/bin'
[0.519s] INFO:colcon.colcon_core.shell:Creating package script '/home/hell0/esp32_car2/extra_packages/install/fishbot_interfaces/share/fishbot_interfaces/package.ps1'
[0.519s] INFO:colcon.colcon_core.shell:Creating package descriptor '/home/hell0/esp32_car2/extra_packages/install/fishbot_interfaces/share/fishbot_interfaces/package.dsv'
[0.520s] INFO:colcon.colcon_core.shell:Creating package script '/home/hell0/esp32_car2/extra_packages/install/fishbot_interfaces/share/fishbot_interfaces/package.sh'
[0.521s] INFO:colcon.colcon_core.shell:Creating package script '/home/hell0/esp32_car2/extra_packages/install/fishbot_interfaces/share/fishbot_interfaces/package.bash'
[0.522s] INFO:colcon.colcon_core.shell:Creating package script '/home/hell0/esp32_car2/extra_packages/install/fishbot_interfaces/share/fishbot_interfaces/package.zsh'
[0.522s] Level 1:colcon.colcon_core.environment:create_file_with_runtime_dependencies(/home/hell0/esp32_car2/extra_packages/install/fishbot_interfaces/share/colcon-core/packages/fishbot_interfaces)
[0.539s] DEBUG:colcon.colcon_parallel_executor.executor.parallel:closing loop
[0.539s] DEBUG:colcon.colcon_parallel_executor.executor.parallel:loop closed
[0.539s] DEBUG:colcon.colcon_parallel_executor.executor.parallel:run_until_complete finished with '2'
[0.539s] DEBUG:colcon.colcon_core.event_reactor:joining thread
[0.542s] INFO:colcon.colcon_core.plugin_system:Skipping extension 'colcon_notification.desktop_notification.terminal_notifier': Not used on non-Darwin systems
[0.543s] INFO:colcon.colcon_core.plugin_system:Skipping extension 'colcon_notification.desktop_notification.win32': Not used on non-Windows systems
[0.543s] INFO:colcon.colcon_notification.desktop_notification:Sending desktop notification using 'notify2'
[0.553s] DEBUG:colcon.colcon_core.event_reactor:joined thread
[0.553s] INFO:colcon.colcon_core.shell:Creating prefix script '/home/hell0/esp32_car2/extra_packages/install/local_setup.ps1'
[0.554s] INFO:colcon.colcon_core.shell:Creating prefix util module '/home/hell0/esp32_car2/extra_packages/install/_local_setup_util_ps1.py'
[0.555s] INFO:colcon.colcon_core.shell:Creating prefix chain script '/home/hell0/esp32_car2/extra_packages/install/setup.ps1'
[0.556s] INFO:colcon.colcon_core.shell:Creating prefix script '/home/hell0/esp32_car2/extra_packages/install/local_setup.sh'
[0.556s] INFO:colcon.colcon_core.shell:Creating prefix util module '/home/hell0/esp32_car2/extra_packages/install/_local_setup_util_sh.py'
[0.557s] INFO:colcon.colcon_core.shell:Creating prefix chain script '/home/hell0/esp32_car2/extra_packages/install/setup.sh'
[0.558s] INFO:colcon.colcon_core.shell:Creating prefix script '/home/hell0/esp32_car2/extra_packages/install/local_setup.bash'
[0.558s] INFO:colcon.colcon_core.shell:Creating prefix chain script '/home/hell0/esp32_car2/extra_packages/install/setup.bash'
[0.559s] INFO:colcon.colcon_core.shell:Creating prefix script '/home/hell0/esp32_car2/extra_packages/install/local_setup.zsh'
[0.559s] INFO:colcon.colcon_core.shell:Creating prefix chain script '/home/hell0/esp32_car2/extra_packages/install/setup.zsh'
