[0.009s] Invoking command in '/home/hell0/esp32_car-7-14/build/fishbot_interfaces': CMAKE_PREFIX_PATH=/opt/ros/humble /usr/bin/cmake /home/hell0/esp32_car-7-14/extra_packages/fishbot_interfaces -DCMAKE_INSTALL_PREFIX=/home/hell0/esp32_car-7-14/install/fishbot_interfaces
[0.054s] -- The C compiler identification is GNU 11.4.0
[0.089s] -- The CXX compiler identification is GNU 11.4.0
[0.094s] -- Detecting C compiler ABI info
[0.146s] -- Detecting C compiler ABI info - done
[0.147s] -- Check for working C compiler: /usr/bin/cc - skipped
[0.147s] -- Detecting C compile features
[0.148s] -- Detecting C compile features - done
[0.149s] -- Detecting CXX compiler ABI info
[0.209s] -- Detecting CXX compiler ABI info - done
[0.210s] -- Check for working CXX compiler: /usr/bin/c++ - skipped
[0.210s] -- Detecting CXX compile features
[0.210s] -- Detecting CXX compile features - done
[0.212s] -- Found ament_cmake: 1.3.9 (/opt/ros/humble/share/ament_cmake/cmake)
[0.320s] -- Found Python3: /usr/bin/python3 (found version "3.10.12") found components: Interpreter 
[0.381s] -- Found ament_lint_auto: 0.12.11 (/opt/ros/humble/share/ament_lint_auto/cmake)
[0.437s] -- Found rosidl_default_generators: 1.2.0 (/opt/ros/humble/share/rosidl_default_generators/cmake)
[0.439s] -- Using all available rosidl_typesupport_c: rosidl_typesupport_fastrtps_c;rosidl_typesupport_introspection_c
[0.443s] -- Found rosidl_adapter: 3.1.5 (/opt/ros/humble/share/rosidl_adapter/cmake)
[0.467s] -- Using all available rosidl_typesupport_cpp: rosidl_typesupport_fastrtps_cpp;rosidl_typesupport_introspection_cpp
[0.487s] -- Configuring incomplete, errors occurred!
[0.487s] See also "/home/hell0/esp32_car-7-14/build/fishbot_interfaces/CMakeFiles/CMakeOutput.log".
[0.487s] [31mCMake Error at /opt/ros/humble/share/rosidl_cmake/cmake/rosidl_generate_interfaces.cmake:93 (message):
[0.487s]   rosidl_generate_interfaces() the passed file 'msg/motorcontorl.msg' doesn't
[0.487s]   exist relative to the CMAKE_CURRENT_SOURCE_DIR
[0.487s]   '/home/hell0/esp32_car-7-14/extra_packages/fishbot_interfaces'
[0.487s] Call Stack (most recent call first):
[0.487s]   CMakeLists.txt:27 (rosidl_generate_interfaces)
[0.487s] 
[0.487s] [0m
[0.491s] Invoked command in '/home/hell0/esp32_car-7-14/build/fishbot_interfaces' returned '1': CMAKE_PREFIX_PATH=/opt/ros/humble /usr/bin/cmake /home/hell0/esp32_car-7-14/extra_packages/fishbot_interfaces -DCMAKE_INSTALL_PREFIX=/home/hell0/esp32_car-7-14/install/fishbot_interfaces
