[35m[1mConsolidate compiler generated dependencies of target fishbot_interfaces__rosidl_generator_c[0m
[  2%] Built target fishbot_interfaces__cpp
[ 12%] Built target fishbot_interfaces__rosidl_generator_c
[35m[1mConsolidate compiler generated dependencies of target fishbot_interfaces__rosidl_typesupport_fastrtps_c[0m
[35m[1mConsolidate compiler generated dependencies of target fishbot_interfaces__rosidl_typesupport_introspection_cpp[0m
[ 23%] Built target fishbot_interfaces__rosidl_typesupport_fastrtps_c
[35m[1mConsolidate compiler generated dependencies of target fishbot_interfaces__rosidl_typesupport_cpp[0m
[ 23%] Built target ament_cmake_python_copy_fishbot_interfaces
[ 33%] Built target fishbot_interfaces__rosidl_typesupport_introspection_cpp
[35m[1mConsolidate compiler generated dependencies of target fishbot_interfaces__rosidl_typesupport_fastrtps_cpp[0m
[35m[1mConsolidate compiler generated dependencies of target fishbot_interfaces__rosidl_typesupport_introspection_c[0m
[35m[1mConsolidate compiler generated dependencies of target fishbot_interfaces__rosidl_typesupport_c[0m
[ 43%] Built target fishbot_interfaces__rosidl_typesupport_cpp
[ 53%] Built target fishbot_interfaces__rosidl_typesupport_fastrtps_cpp
[ 64%] Built target fishbot_interfaces__rosidl_typesupport_c
[ 74%] Built target fishbot_interfaces__rosidl_typesupport_introspection_c
[ 74%] Built target fishbot_interfaces
[ 76%] Built target fishbot_interfaces__py
[35m[1mConsolidate compiler generated dependencies of target fishbot_interfaces__rosidl_generator_py[0m
[ 84%] Built target fishbot_interfaces__rosidl_generator_py
[ 89%] Built target fishbot_interfaces__rosidl_typesupport_fastrtps_c__pyext
[ 94%] Built target fishbot_interfaces__rosidl_typesupport_introspection_c__pyext
[100%] Built target fishbot_interfaces__rosidl_typesupport_c__pyext
running egg_info
writing fishbot_interfaces.egg-info/PKG-INFO
writing dependency_links to fishbot_interfaces.egg-info/dependency_links.txt
writing top-level names to fishbot_interfaces.egg-info/top_level.txt
reading manifest file 'fishbot_interfaces.egg-info/SOURCES.txt'
writing manifest file 'fishbot_interfaces.egg-info/SOURCES.txt'
[100%] Built target ament_cmake_python_build_fishbot_interfaces_egg
-- Install configuration: ""
-- Up-to-date: /home/hell0/esp32_car2/extra_packages/install/fishbot_interfaces/share/ament_index/resource_index/rosidl_interfaces/fishbot_interfaces
-- Up-to-date: /home/hell0/esp32_car2/extra_packages/install/fishbot_interfaces/include/fishbot_interfaces/fishbot_interfaces
-- Up-to-date: /home/hell0/esp32_car2/extra_packages/install/fishbot_interfaces/include/fishbot_interfaces/fishbot_interfaces/msg
-- Up-to-date: /home/hell0/esp32_car2/extra_packages/install/fishbot_interfaces/include/fishbot_interfaces/fishbot_interfaces/msg/rosidl_generator_c__visibility_control.h
-- Up-to-date: /home/hell0/esp32_car2/extra_packages/install/fishbot_interfaces/include/fishbot_interfaces/fishbot_interfaces/msg/motorcontorl.h
-- Up-to-date: /home/hell0/esp32_car2/extra_packages/install/fishbot_interfaces/include/fishbot_interfaces/fishbot_interfaces/msg/detail
-- Up-to-date: /home/hell0/esp32_car2/extra_packages/install/fishbot_interfaces/include/fishbot_interfaces/fishbot_interfaces/msg/detail/motorcontorl__functions.h
-- Up-to-date: /home/hell0/esp32_car2/extra_packages/install/fishbot_interfaces/include/fishbot_interfaces/fishbot_interfaces/msg/detail/motorcontorl__functions.c
-- Up-to-date: /home/hell0/esp32_car2/extra_packages/install/fishbot_interfaces/include/fishbot_interfaces/fishbot_interfaces/msg/detail/motorcontorl__struct.h
-- Up-to-date: /home/hell0/esp32_car2/extra_packages/install/fishbot_interfaces/include/fishbot_interfaces/fishbot_interfaces/msg/detail/motorcontorl__type_support.h
-- Up-to-date: /home/hell0/esp32_car2/extra_packages/install/fishbot_interfaces/include/fishbot_interfaces/fishbot_interfaces/srv
-- Up-to-date: /home/hell0/esp32_car2/extra_packages/install/fishbot_interfaces/include/fishbot_interfaces/fishbot_interfaces/srv/detail
-- Up-to-date: /home/hell0/esp32_car2/extra_packages/install/fishbot_interfaces/include/fishbot_interfaces/fishbot_interfaces/srv/detail/oledcontrol__type_support.h
-- Up-to-date: /home/hell0/esp32_car2/extra_packages/install/fishbot_interfaces/include/fishbot_interfaces/fishbot_interfaces/srv/detail/oledcontrol__struct.h
-- Up-to-date: /home/hell0/esp32_car2/extra_packages/install/fishbot_interfaces/include/fishbot_interfaces/fishbot_interfaces/srv/detail/oledcontrol__functions.h
-- Up-to-date: /home/hell0/esp32_car2/extra_packages/install/fishbot_interfaces/include/fishbot_interfaces/fishbot_interfaces/srv/detail/oledcontrol__functions.c
-- Up-to-date: /home/hell0/esp32_car2/extra_packages/install/fishbot_interfaces/include/fishbot_interfaces/fishbot_interfaces/srv/oledcontrol.h
-- Up-to-date: /home/hell0/esp32_car2/extra_packages/install/fishbot_interfaces/share/fishbot_interfaces/environment/library_path.sh
-- Up-to-date: /home/hell0/esp32_car2/extra_packages/install/fishbot_interfaces/share/fishbot_interfaces/environment/library_path.dsv
-- Up-to-date: /home/hell0/esp32_car2/extra_packages/install/fishbot_interfaces/lib/libfishbot_interfaces__rosidl_generator_c.so
-- Up-to-date: /home/hell0/esp32_car2/extra_packages/install/fishbot_interfaces/include/fishbot_interfaces/fishbot_interfaces
-- Up-to-date: /home/hell0/esp32_car2/extra_packages/install/fishbot_interfaces/include/fishbot_interfaces/fishbot_interfaces/msg
-- Up-to-date: /home/hell0/esp32_car2/extra_packages/install/fishbot_interfaces/include/fishbot_interfaces/fishbot_interfaces/msg/detail
-- Up-to-date: /home/hell0/esp32_car2/extra_packages/install/fishbot_interfaces/include/fishbot_interfaces/fishbot_interfaces/msg/detail/motorcontorl__rosidl_typesupport_fastrtps_c.h
-- Up-to-date: /home/hell0/esp32_car2/extra_packages/install/fishbot_interfaces/include/fishbot_interfaces/fishbot_interfaces/msg/rosidl_typesupport_fastrtps_c__visibility_control.h
-- Up-to-date: /home/hell0/esp32_car2/extra_packages/install/fishbot_interfaces/include/fishbot_interfaces/fishbot_interfaces/srv
-- Up-to-date: /home/hell0/esp32_car2/extra_packages/install/fishbot_interfaces/include/fishbot_interfaces/fishbot_interfaces/srv/detail
-- Up-to-date: /home/hell0/esp32_car2/extra_packages/install/fishbot_interfaces/include/fishbot_interfaces/fishbot_interfaces/srv/detail/oledcontrol__rosidl_typesupport_fastrtps_c.h
-- Up-to-date: /home/hell0/esp32_car2/extra_packages/install/fishbot_interfaces/lib/libfishbot_interfaces__rosidl_typesupport_fastrtps_c.so
-- Up-to-date: /home/hell0/esp32_car2/extra_packages/install/fishbot_interfaces/include/fishbot_interfaces/fishbot_interfaces
-- Up-to-date: /home/hell0/esp32_car2/extra_packages/install/fishbot_interfaces/include/fishbot_interfaces/fishbot_interfaces/msg
-- Up-to-date: /home/hell0/esp32_car2/extra_packages/install/fishbot_interfaces/include/fishbot_interfaces/fishbot_interfaces/msg/detail
-- Up-to-date: /home/hell0/esp32_car2/extra_packages/install/fishbot_interfaces/include/fishbot_interfaces/fishbot_interfaces/msg/detail/motorcontorl__rosidl_typesupport_introspection_c.h
-- Up-to-date: /home/hell0/esp32_car2/extra_packages/install/fishbot_interfaces/include/fishbot_interfaces/fishbot_interfaces/msg/detail/motorcontorl__type_support.c
-- Up-to-date: /home/hell0/esp32_car2/extra_packages/install/fishbot_interfaces/include/fishbot_interfaces/fishbot_interfaces/msg/rosidl_typesupport_introspection_c__visibility_control.h
-- Up-to-date: /home/hell0/esp32_car2/extra_packages/install/fishbot_interfaces/include/fishbot_interfaces/fishbot_interfaces/srv
-- Up-to-date: /home/hell0/esp32_car2/extra_packages/install/fishbot_interfaces/include/fishbot_interfaces/fishbot_interfaces/srv/detail
-- Up-to-date: /home/hell0/esp32_car2/extra_packages/install/fishbot_interfaces/include/fishbot_interfaces/fishbot_interfaces/srv/detail/oledcontrol__type_support.c
-- Up-to-date: /home/hell0/esp32_car2/extra_packages/install/fishbot_interfaces/include/fishbot_interfaces/fishbot_interfaces/srv/detail/oledcontrol__rosidl_typesupport_introspection_c.h
-- Up-to-date: /home/hell0/esp32_car2/extra_packages/install/fishbot_interfaces/lib/libfishbot_interfaces__rosidl_typesupport_introspection_c.so
-- Up-to-date: /home/hell0/esp32_car2/extra_packages/install/fishbot_interfaces/lib/libfishbot_interfaces__rosidl_typesupport_c.so
-- Up-to-date: /home/hell0/esp32_car2/extra_packages/install/fishbot_interfaces/include/fishbot_interfaces/fishbot_interfaces
-- Up-to-date: /home/hell0/esp32_car2/extra_packages/install/fishbot_interfaces/include/fishbot_interfaces/fishbot_interfaces/msg
-- Up-to-date: /home/hell0/esp32_car2/extra_packages/install/fishbot_interfaces/include/fishbot_interfaces/fishbot_interfaces/msg/motorcontorl.hpp
-- Up-to-date: /home/hell0/esp32_car2/extra_packages/install/fishbot_interfaces/include/fishbot_interfaces/fishbot_interfaces/msg/detail
-- Up-to-date: /home/hell0/esp32_car2/extra_packages/install/fishbot_interfaces/include/fishbot_interfaces/fishbot_interfaces/msg/detail/motorcontorl__builder.hpp
-- Up-to-date: /home/hell0/esp32_car2/extra_packages/install/fishbot_interfaces/include/fishbot_interfaces/fishbot_interfaces/msg/detail/motorcontorl__traits.hpp
-- Up-to-date: /home/hell0/esp32_car2/extra_packages/install/fishbot_interfaces/include/fishbot_interfaces/fishbot_interfaces/msg/detail/motorcontorl__struct.hpp
-- Up-to-date: /home/hell0/esp32_car2/extra_packages/install/fishbot_interfaces/include/fishbot_interfaces/fishbot_interfaces/srv
-- Up-to-date: /home/hell0/esp32_car2/extra_packages/install/fishbot_interfaces/include/fishbot_interfaces/fishbot_interfaces/srv/detail
-- Up-to-date: /home/hell0/esp32_car2/extra_packages/install/fishbot_interfaces/include/fishbot_interfaces/fishbot_interfaces/srv/detail/oledcontrol__struct.hpp
-- Up-to-date: /home/hell0/esp32_car2/extra_packages/install/fishbot_interfaces/include/fishbot_interfaces/fishbot_interfaces/srv/detail/oledcontrol__traits.hpp
-- Up-to-date: /home/hell0/esp32_car2/extra_packages/install/fishbot_interfaces/include/fishbot_interfaces/fishbot_interfaces/srv/detail/oledcontrol__builder.hpp
-- Up-to-date: /home/hell0/esp32_car2/extra_packages/install/fishbot_interfaces/include/fishbot_interfaces/fishbot_interfaces/srv/oledcontrol.hpp
-- Up-to-date: /home/hell0/esp32_car2/extra_packages/install/fishbot_interfaces/include/fishbot_interfaces/fishbot_interfaces
-- Up-to-date: /home/hell0/esp32_car2/extra_packages/install/fishbot_interfaces/include/fishbot_interfaces/fishbot_interfaces/msg
-- Up-to-date: /home/hell0/esp32_car2/extra_packages/install/fishbot_interfaces/include/fishbot_interfaces/fishbot_interfaces/msg/rosidl_typesupport_fastrtps_cpp__visibility_control.h
-- Up-to-date: /home/hell0/esp32_car2/extra_packages/install/fishbot_interfaces/include/fishbot_interfaces/fishbot_interfaces/msg/detail
-- Up-to-date: /home/hell0/esp32_car2/extra_packages/install/fishbot_interfaces/include/fishbot_interfaces/fishbot_interfaces/msg/detail/motorcontorl__rosidl_typesupport_fastrtps_cpp.hpp
-- Up-to-date: /home/hell0/esp32_car2/extra_packages/install/fishbot_interfaces/include/fishbot_interfaces/fishbot_interfaces/msg/detail/dds_fastrtps
-- Up-to-date: /home/hell0/esp32_car2/extra_packages/install/fishbot_interfaces/include/fishbot_interfaces/fishbot_interfaces/srv
-- Up-to-date: /home/hell0/esp32_car2/extra_packages/install/fishbot_interfaces/include/fishbot_interfaces/fishbot_interfaces/srv/detail
-- Up-to-date: /home/hell0/esp32_car2/extra_packages/install/fishbot_interfaces/include/fishbot_interfaces/fishbot_interfaces/srv/detail/dds_fastrtps
-- Up-to-date: /home/hell0/esp32_car2/extra_packages/install/fishbot_interfaces/include/fishbot_interfaces/fishbot_interfaces/srv/detail/oledcontrol__rosidl_typesupport_fastrtps_cpp.hpp
-- Up-to-date: /home/hell0/esp32_car2/extra_packages/install/fishbot_interfaces/lib/libfishbot_interfaces__rosidl_typesupport_fastrtps_cpp.so
-- Up-to-date: /home/hell0/esp32_car2/extra_packages/install/fishbot_interfaces/include/fishbot_interfaces/fishbot_interfaces
-- Up-to-date: /home/hell0/esp32_car2/extra_packages/install/fishbot_interfaces/include/fishbot_interfaces/fishbot_interfaces/msg
-- Up-to-date: /home/hell0/esp32_car2/extra_packages/install/fishbot_interfaces/include/fishbot_interfaces/fishbot_interfaces/msg/detail
-- Up-to-date: /home/hell0/esp32_car2/extra_packages/install/fishbot_interfaces/include/fishbot_interfaces/fishbot_interfaces/msg/detail/motorcontorl__type_support.cpp
-- Up-to-date: /home/hell0/esp32_car2/extra_packages/install/fishbot_interfaces/include/fishbot_interfaces/fishbot_interfaces/msg/detail/motorcontorl__rosidl_typesupport_introspection_cpp.hpp
-- Up-to-date: /home/hell0/esp32_car2/extra_packages/install/fishbot_interfaces/include/fishbot_interfaces/fishbot_interfaces/srv
-- Up-to-date: /home/hell0/esp32_car2/extra_packages/install/fishbot_interfaces/include/fishbot_interfaces/fishbot_interfaces/srv/detail
-- Up-to-date: /home/hell0/esp32_car2/extra_packages/install/fishbot_interfaces/include/fishbot_interfaces/fishbot_interfaces/srv/detail/oledcontrol__type_support.cpp
-- Up-to-date: /home/hell0/esp32_car2/extra_packages/install/fishbot_interfaces/include/fishbot_interfaces/fishbot_interfaces/srv/detail/oledcontrol__rosidl_typesupport_introspection_cpp.hpp
-- Up-to-date: /home/hell0/esp32_car2/extra_packages/install/fishbot_interfaces/lib/libfishbot_interfaces__rosidl_typesupport_introspection_cpp.so
-- Up-to-date: /home/hell0/esp32_car2/extra_packages/install/fishbot_interfaces/lib/libfishbot_interfaces__rosidl_typesupport_cpp.so
-- Up-to-date: /home/hell0/esp32_car2/extra_packages/install/fishbot_interfaces/share/fishbot_interfaces/environment/pythonpath.sh
-- Up-to-date: /home/hell0/esp32_car2/extra_packages/install/fishbot_interfaces/share/fishbot_interfaces/environment/pythonpath.dsv
-- Up-to-date: /home/hell0/esp32_car2/extra_packages/install/fishbot_interfaces/local/lib/python3.10/dist-packages/fishbot_interfaces-0.0.0-py3.10.egg-info
-- Installing: /home/hell0/esp32_car2/extra_packages/install/fishbot_interfaces/local/lib/python3.10/dist-packages/fishbot_interfaces-0.0.0-py3.10.egg-info/dependency_links.txt
-- Installing: /home/hell0/esp32_car2/extra_packages/install/fishbot_interfaces/local/lib/python3.10/dist-packages/fishbot_interfaces-0.0.0-py3.10.egg-info/PKG-INFO
-- Installing: /home/hell0/esp32_car2/extra_packages/install/fishbot_interfaces/local/lib/python3.10/dist-packages/fishbot_interfaces-0.0.0-py3.10.egg-info/SOURCES.txt
-- Installing: /home/hell0/esp32_car2/extra_packages/install/fishbot_interfaces/local/lib/python3.10/dist-packages/fishbot_interfaces-0.0.0-py3.10.egg-info/top_level.txt
-- Up-to-date: /home/hell0/esp32_car2/extra_packages/install/fishbot_interfaces/local/lib/python3.10/dist-packages/fishbot_interfaces
-- Up-to-date: /home/hell0/esp32_car2/extra_packages/install/fishbot_interfaces/local/lib/python3.10/dist-packages/fishbot_interfaces/fishbot_interfaces_s__rosidl_typesupport_fastrtps_c.cpython-310-x86_64-linux-gnu.so
-- Up-to-date: /home/hell0/esp32_car2/extra_packages/install/fishbot_interfaces/local/lib/python3.10/dist-packages/fishbot_interfaces/msg
-- Up-to-date: /home/hell0/esp32_car2/extra_packages/install/fishbot_interfaces/local/lib/python3.10/dist-packages/fishbot_interfaces/msg/__init__.py
-- Up-to-date: /home/hell0/esp32_car2/extra_packages/install/fishbot_interfaces/local/lib/python3.10/dist-packages/fishbot_interfaces/msg/_motorcontorl.py
-- Up-to-date: /home/hell0/esp32_car2/extra_packages/install/fishbot_interfaces/local/lib/python3.10/dist-packages/fishbot_interfaces/msg/_motorcontorl_s.c
-- Up-to-date: /home/hell0/esp32_car2/extra_packages/install/fishbot_interfaces/local/lib/python3.10/dist-packages/fishbot_interfaces/__init__.py
-- Up-to-date: /home/hell0/esp32_car2/extra_packages/install/fishbot_interfaces/local/lib/python3.10/dist-packages/fishbot_interfaces/srv
-- Up-to-date: /home/hell0/esp32_car2/extra_packages/install/fishbot_interfaces/local/lib/python3.10/dist-packages/fishbot_interfaces/srv/_oledcontrol.py
-- Up-to-date: /home/hell0/esp32_car2/extra_packages/install/fishbot_interfaces/local/lib/python3.10/dist-packages/fishbot_interfaces/srv/__init__.py
-- Up-to-date: /home/hell0/esp32_car2/extra_packages/install/fishbot_interfaces/local/lib/python3.10/dist-packages/fishbot_interfaces/srv/_oledcontrol_s.c
-- Up-to-date: /home/hell0/esp32_car2/extra_packages/install/fishbot_interfaces/local/lib/python3.10/dist-packages/fishbot_interfaces/_fishbot_interfaces_s.ep.rosidl_typesupport_fastrtps_c.c
-- Up-to-date: /home/hell0/esp32_car2/extra_packages/install/fishbot_interfaces/local/lib/python3.10/dist-packages/fishbot_interfaces/_fishbot_interfaces_s.ep.rosidl_typesupport_c.c
-- Up-to-date: /home/hell0/esp32_car2/extra_packages/install/fishbot_interfaces/local/lib/python3.10/dist-packages/fishbot_interfaces/libfishbot_interfaces__rosidl_generator_py.so
-- Up-to-date: /home/hell0/esp32_car2/extra_packages/install/fishbot_interfaces/local/lib/python3.10/dist-packages/fishbot_interfaces/fishbot_interfaces_s__rosidl_typesupport_introspection_c.cpython-310-x86_64-linux-gnu.so
-- Up-to-date: /home/hell0/esp32_car2/extra_packages/install/fishbot_interfaces/local/lib/python3.10/dist-packages/fishbot_interfaces/_fishbot_interfaces_s.ep.rosidl_typesupport_introspection_c.c
-- Up-to-date: /home/hell0/esp32_car2/extra_packages/install/fishbot_interfaces/local/lib/python3.10/dist-packages/fishbot_interfaces/fishbot_interfaces_s__rosidl_typesupport_c.cpython-310-x86_64-linux-gnu.so
Listing '/home/hell0/esp32_car2/extra_packages/install/fishbot_interfaces/local/lib/python3.10/dist-packages/fishbot_interfaces'...
Listing '/home/hell0/esp32_car2/extra_packages/install/fishbot_interfaces/local/lib/python3.10/dist-packages/fishbot_interfaces/msg'...
Listing '/home/hell0/esp32_car2/extra_packages/install/fishbot_interfaces/local/lib/python3.10/dist-packages/fishbot_interfaces/srv'...
-- Up-to-date: /home/hell0/esp32_car2/extra_packages/install/fishbot_interfaces/local/lib/python3.10/dist-packages/fishbot_interfaces/fishbot_interfaces_s__rosidl_typesupport_fastrtps_c.cpython-310-x86_64-linux-gnu.so
-- Up-to-date: /home/hell0/esp32_car2/extra_packages/install/fishbot_interfaces/local/lib/python3.10/dist-packages/fishbot_interfaces/fishbot_interfaces_s__rosidl_typesupport_introspection_c.cpython-310-x86_64-linux-gnu.so
-- Up-to-date: /home/hell0/esp32_car2/extra_packages/install/fishbot_interfaces/local/lib/python3.10/dist-packages/fishbot_interfaces/fishbot_interfaces_s__rosidl_typesupport_c.cpython-310-x86_64-linux-gnu.so
-- Up-to-date: /home/hell0/esp32_car2/extra_packages/install/fishbot_interfaces/lib/libfishbot_interfaces__rosidl_generator_py.so
-- Up-to-date: /home/hell0/esp32_car2/extra_packages/install/fishbot_interfaces/share/fishbot_interfaces/srv/Oledcontrol.idl
-- Up-to-date: /home/hell0/esp32_car2/extra_packages/install/fishbot_interfaces/share/fishbot_interfaces/msg/Motorcontorl.idl
-- Up-to-date: /home/hell0/esp32_car2/extra_packages/install/fishbot_interfaces/share/fishbot_interfaces/srv/Oledcontrol.srv
-- Up-to-date: /home/hell0/esp32_car2/extra_packages/install/fishbot_interfaces/share/fishbot_interfaces/srv/Oledcontrol_Request.msg
-- Up-to-date: /home/hell0/esp32_car2/extra_packages/install/fishbot_interfaces/share/fishbot_interfaces/srv/Oledcontrol_Response.msg
-- Up-to-date: /home/hell0/esp32_car2/extra_packages/install/fishbot_interfaces/share/fishbot_interfaces/msg/Motorcontorl.msg
-- Up-to-date: /home/hell0/esp32_car2/extra_packages/install/fishbot_interfaces/share/ament_index/resource_index/package_run_dependencies/fishbot_interfaces
-- Up-to-date: /home/hell0/esp32_car2/extra_packages/install/fishbot_interfaces/share/ament_index/resource_index/parent_prefix_path/fishbot_interfaces
-- Up-to-date: /home/hell0/esp32_car2/extra_packages/install/fishbot_interfaces/share/fishbot_interfaces/environment/ament_prefix_path.sh
-- Up-to-date: /home/hell0/esp32_car2/extra_packages/install/fishbot_interfaces/share/fishbot_interfaces/environment/ament_prefix_path.dsv
-- Up-to-date: /home/hell0/esp32_car2/extra_packages/install/fishbot_interfaces/share/fishbot_interfaces/environment/path.sh
-- Up-to-date: /home/hell0/esp32_car2/extra_packages/install/fishbot_interfaces/share/fishbot_interfaces/environment/path.dsv
-- Up-to-date: /home/hell0/esp32_car2/extra_packages/install/fishbot_interfaces/share/fishbot_interfaces/local_setup.bash
-- Up-to-date: /home/hell0/esp32_car2/extra_packages/install/fishbot_interfaces/share/fishbot_interfaces/local_setup.sh
-- Up-to-date: /home/hell0/esp32_car2/extra_packages/install/fishbot_interfaces/share/fishbot_interfaces/local_setup.zsh
-- Up-to-date: /home/hell0/esp32_car2/extra_packages/install/fishbot_interfaces/share/fishbot_interfaces/local_setup.dsv
-- Installing: /home/hell0/esp32_car2/extra_packages/install/fishbot_interfaces/share/fishbot_interfaces/package.dsv
-- Up-to-date: /home/hell0/esp32_car2/extra_packages/install/fishbot_interfaces/share/ament_index/resource_index/packages/fishbot_interfaces
-- Up-to-date: /home/hell0/esp32_car2/extra_packages/install/fishbot_interfaces/share/fishbot_interfaces/cmake/export_fishbot_interfaces__rosidl_generator_cExport.cmake
-- Up-to-date: /home/hell0/esp32_car2/extra_packages/install/fishbot_interfaces/share/fishbot_interfaces/cmake/export_fishbot_interfaces__rosidl_generator_cExport-noconfig.cmake
-- Up-to-date: /home/hell0/esp32_car2/extra_packages/install/fishbot_interfaces/share/fishbot_interfaces/cmake/export_fishbot_interfaces__rosidl_typesupport_fastrtps_cExport.cmake
-- Up-to-date: /home/hell0/esp32_car2/extra_packages/install/fishbot_interfaces/share/fishbot_interfaces/cmake/export_fishbot_interfaces__rosidl_typesupport_fastrtps_cExport-noconfig.cmake
-- Up-to-date: /home/hell0/esp32_car2/extra_packages/install/fishbot_interfaces/share/fishbot_interfaces/cmake/fishbot_interfaces__rosidl_typesupport_introspection_cExport.cmake
-- Up-to-date: /home/hell0/esp32_car2/extra_packages/install/fishbot_interfaces/share/fishbot_interfaces/cmake/fishbot_interfaces__rosidl_typesupport_introspection_cExport-noconfig.cmake
-- Up-to-date: /home/hell0/esp32_car2/extra_packages/install/fishbot_interfaces/share/fishbot_interfaces/cmake/fishbot_interfaces__rosidl_typesupport_cExport.cmake
-- Up-to-date: /home/hell0/esp32_car2/extra_packages/install/fishbot_interfaces/share/fishbot_interfaces/cmake/fishbot_interfaces__rosidl_typesupport_cExport-noconfig.cmake
-- Up-to-date: /home/hell0/esp32_car2/extra_packages/install/fishbot_interfaces/share/fishbot_interfaces/cmake/export_fishbot_interfaces__rosidl_generator_cppExport.cmake
-- Up-to-date: /home/hell0/esp32_car2/extra_packages/install/fishbot_interfaces/share/fishbot_interfaces/cmake/export_fishbot_interfaces__rosidl_typesupport_fastrtps_cppExport.cmake
-- Up-to-date: /home/hell0/esp32_car2/extra_packages/install/fishbot_interfaces/share/fishbot_interfaces/cmake/export_fishbot_interfaces__rosidl_typesupport_fastrtps_cppExport-noconfig.cmake
-- Up-to-date: /home/hell0/esp32_car2/extra_packages/install/fishbot_interfaces/share/fishbot_interfaces/cmake/fishbot_interfaces__rosidl_typesupport_introspection_cppExport.cmake
-- Up-to-date: /home/hell0/esp32_car2/extra_packages/install/fishbot_interfaces/share/fishbot_interfaces/cmake/fishbot_interfaces__rosidl_typesupport_introspection_cppExport-noconfig.cmake
-- Up-to-date: /home/hell0/esp32_car2/extra_packages/install/fishbot_interfaces/share/fishbot_interfaces/cmake/fishbot_interfaces__rosidl_typesupport_cppExport.cmake
-- Up-to-date: /home/hell0/esp32_car2/extra_packages/install/fishbot_interfaces/share/fishbot_interfaces/cmake/fishbot_interfaces__rosidl_typesupport_cppExport-noconfig.cmake
-- Up-to-date: /home/hell0/esp32_car2/extra_packages/install/fishbot_interfaces/share/fishbot_interfaces/cmake/export_fishbot_interfaces__rosidl_generator_pyExport.cmake
-- Up-to-date: /home/hell0/esp32_car2/extra_packages/install/fishbot_interfaces/share/fishbot_interfaces/cmake/export_fishbot_interfaces__rosidl_generator_pyExport-noconfig.cmake
-- Up-to-date: /home/hell0/esp32_car2/extra_packages/install/fishbot_interfaces/share/fishbot_interfaces/cmake/rosidl_cmake-extras.cmake
-- Up-to-date: /home/hell0/esp32_car2/extra_packages/install/fishbot_interfaces/share/fishbot_interfaces/cmake/ament_cmake_export_include_directories-extras.cmake
-- Up-to-date: /home/hell0/esp32_car2/extra_packages/install/fishbot_interfaces/share/fishbot_interfaces/cmake/ament_cmake_export_libraries-extras.cmake
-- Up-to-date: /home/hell0/esp32_car2/extra_packages/install/fishbot_interfaces/share/fishbot_interfaces/cmake/ament_cmake_export_targets-extras.cmake
-- Up-to-date: /home/hell0/esp32_car2/extra_packages/install/fishbot_interfaces/share/fishbot_interfaces/cmake/rosidl_cmake_export_typesupport_targets-extras.cmake
-- Up-to-date: /home/hell0/esp32_car2/extra_packages/install/fishbot_interfaces/share/fishbot_interfaces/cmake/ament_cmake_export_dependencies-extras.cmake
-- Up-to-date: /home/hell0/esp32_car2/extra_packages/install/fishbot_interfaces/share/fishbot_interfaces/cmake/rosidl_cmake_export_typesupport_libraries-extras.cmake
-- Up-to-date: /home/hell0/esp32_car2/extra_packages/install/fishbot_interfaces/share/fishbot_interfaces/cmake/fishbot_interfacesConfig.cmake
-- Up-to-date: /home/hell0/esp32_car2/extra_packages/install/fishbot_interfaces/share/fishbot_interfaces/cmake/fishbot_interfacesConfig-version.cmake
-- Up-to-date: /home/hell0/esp32_car2/extra_packages/install/fishbot_interfaces/share/fishbot_interfaces/package.xml
